{"/home/travis/build/npmtest/node-npmtest-gaze/test.js":{"path":"/home/travis/build/npmtest/node-npmtest-gaze/test.js","s":{"1":2,"2":2,"3":2,"4":2,"5":2,"6":2,"7":2,"8":1,"9":2,"10":2,"11":1,"12":1,"13":1,"14":1,"15":2,"16":2,"17":2,"18":2,"19":1,"20":1,"21":2,"22":2,"23":2,"24":1,"25":1,"26":1,"27":1,"28":1,"29":1,"30":1,"31":1,"32":1,"33":1,"34":1,"35":1,"36":1,"37":2,"38":2,"39":1,"40":2,"41":2,"42":1,"43":2,"44":2,"45":1,"46":2,"47":2,"48":1,"49":1,"50":1,"51":1,"52":1},"b":{"1":[2,1,1,1],"2":[1,1,1,1],"3":[1,1],"4":[1,1],"5":[1,1],"6":[1,1],"7":[1,1],"8":[1,1],"9":[1,1,1],"10":[1,1],"11":[1,1],"12":[1,1],"13":[1,1],"14":[1,1],"15":[1,1],"16":[1,1]},"f":{"1":2,"2":2,"3":2,"4":2,"5":2,"6":1,"7":1,"8":2,"9":2,"10":2,"11":2,"12":1},"fnMap":{"1":{"name":"(anonymous_1)","line":12,"loc":{"start":{"line":12,"column":1},"end":{"line":12,"column":13}}},"2":{"name":"(anonymous_2)","line":19,"loc":{"start":{"line":19,"column":5},"end":{"line":19,"column":17}}},"3":{"name":"(anonymous_3)","line":23,"loc":{"start":{"line":23,"column":24},"end":{"line":23,"column":36}}},"4":{"name":"(anonymous_4)","line":61,"loc":{"start":{"line":61,"column":5},"end":{"line":61,"column":17}}},"5":{"name":"(anonymous_5)","line":82,"loc":{"start":{"line":82,"column":5},"end":{"line":82,"column":17}}},"6":{"name":"(anonymous_6)","line":102,"loc":{"start":{"line":102,"column":83},"end":{"line":105,"column":10}},"skip":true},"7":{"name":"(anonymous_7)","line":113,"loc":{"start":{"line":113,"column":77},"end":{"line":116,"column":10}},"skip":true},"8":{"name":"(anonymous_8)","line":129,"loc":{"start":{"line":129,"column":12},"end":{"line":129,"column":40}},"skip":true},"9":{"name":"(anonymous_9)","line":137,"loc":{"start":{"line":137,"column":77},"end":{"line":140,"column":10}},"skip":true},"10":{"name":"(anonymous_10)","line":148,"loc":{"start":{"line":148,"column":83},"end":{"line":151,"column":10}},"skip":true},"11":{"name":"(anonymous_11)","line":159,"loc":{"start":{"line":159,"column":79},"end":{"line":162,"column":10}},"skip":true},"12":{"name":"(anonymous_12)","line":170,"loc":{"start":{"line":170,"column":75},"end":{"line":173,"column":10}},"skip":true}},"statementMap":{"1":{"start":{"line":12,"column":0},"end":{"line":185,"column":5}},"2":{"start":{"line":14,"column":4},"end":{"line":14,"column":14}},"3":{"start":{"line":19,"column":4},"end":{"line":56,"column":9}},"4":{"start":{"line":21,"column":8},"end":{"line":21,"column":19}},"5":{"start":{"line":23,"column":8},"end":{"line":35,"column":13}},"6":{"start":{"line":24,"column":12},"end":{"line":34,"column":13}},"7":{"start":{"line":25,"column":16},"end":{"line":28,"column":30}},"8":{"start":{"line":30,"column":16},"end":{"line":33,"column":27}},"9":{"start":{"line":37,"column":8},"end":{"line":39,"column":21}},"10":{"start":{"line":40,"column":8},"end":{"line":53,"column":9}},"11":{"start":{"line":43,"column":12},"end":{"line":46,"column":14}},"12":{"start":{"line":47,"column":12},"end":{"line":47,"column":18}},"13":{"start":{"line":50,"column":12},"end":{"line":51,"column":46}},"14":{"start":{"line":52,"column":12},"end":{"line":52,"column":18}},"15":{"start":{"line":55,"column":8},"end":{"line":55,"column":35}},"16":{"start":{"line":61,"column":4},"end":{"line":63,"column":9}},"17":{"start":{"line":62,"column":8},"end":{"line":62,"column":15}},"18":{"start":{"line":64,"column":4},"end":{"line":77,"column":5}},"19":{"start":{"line":70,"column":8},"end":{"line":70,"column":14}},"20":{"start":{"line":76,"column":8},"end":{"line":76,"column":14}},"21":{"start":{"line":82,"column":4},"end":{"line":84,"column":9}},"22":{"start":{"line":83,"column":8},"end":{"line":83,"column":15}},"23":{"start":{"line":85,"column":4},"end":{"line":184,"column":5}},"24":{"start":{"line":92,"column":8},"end":{"line":94,"column":63}},"25":{"start":{"line":95,"column":8},"end":{"line":95,"column":14}},"26":{"start":{"line":102,"column":8},"end":{"line":111,"column":10},"skip":true},"27":{"start":{"line":109,"column":12},"end":{"line":109,"column":55},"skip":true},"28":{"start":{"line":110,"column":12},"end":{"line":110,"column":48},"skip":true},"29":{"start":{"line":113,"column":8},"end":{"line":126,"column":10},"skip":true},"30":{"start":{"line":120,"column":12},"end":{"line":120,"column":76},"skip":true},"31":{"start":{"line":121,"column":12},"end":{"line":121,"column":73},"skip":true},"32":{"start":{"line":122,"column":12},"end":{"line":122,"column":74},"skip":true},"33":{"start":{"line":123,"column":12},"end":{"line":123,"column":79},"skip":true},"34":{"start":{"line":124,"column":12},"end":{"line":124,"column":25},"skip":true},"35":{"start":{"line":125,"column":12},"end":{"line":125,"column":45},"skip":true},"36":{"start":{"line":128,"column":8},"end":{"line":135,"column":14},"skip":true},"37":{"start":{"line":133,"column":16},"end":{"line":133,"column":29},"skip":true},"38":{"start":{"line":134,"column":16},"end":{"line":134,"column":55},"skip":true},"39":{"start":{"line":137,"column":8},"end":{"line":146,"column":10},"skip":true},"40":{"start":{"line":144,"column":12},"end":{"line":144,"column":25},"skip":true},"41":{"start":{"line":145,"column":12},"end":{"line":145,"column":45},"skip":true},"42":{"start":{"line":148,"column":8},"end":{"line":157,"column":10},"skip":true},"43":{"start":{"line":155,"column":12},"end":{"line":155,"column":25},"skip":true},"44":{"start":{"line":156,"column":12},"end":{"line":156,"column":48},"skip":true},"45":{"start":{"line":159,"column":8},"end":{"line":168,"column":10},"skip":true},"46":{"start":{"line":166,"column":12},"end":{"line":166,"column":25},"skip":true},"47":{"start":{"line":167,"column":12},"end":{"line":167,"column":46},"skip":true},"48":{"start":{"line":170,"column":8},"end":{"line":179,"column":10},"skip":true},"49":{"start":{"line":177,"column":12},"end":{"line":177,"column":94},"skip":true},"50":{"start":{"line":178,"column":12},"end":{"line":178,"column":48},"skip":true},"51":{"start":{"line":182,"column":8},"end":{"line":182,"column":35},"skip":true},"52":{"start":{"line":183,"column":8},"end":{"line":183,"column":14},"skip":true}},"branchMap":{"1":{"line":25,"type":"binary-expr","locations":[{"start":{"line":25,"column":23},"end":{"line":25,"column":62}},{"start":{"line":26,"column":20},"end":{"line":26,"column":70}},{"start":{"line":27,"column":20},"end":{"line":27,"column":71}},{"start":{"line":28,"column":20},"end":{"line":28,"column":29}}]},"2":{"line":30,"type":"binary-expr","locations":[{"start":{"line":30,"column":23},"end":{"line":30,"column":37}},{"start":{"line":31,"column":20},"end":{"line":31,"column":61}},{"start":{"line":32,"column":20},"end":{"line":32,"column":70}},{"start":{"line":33,"column":20},"end":{"line":33,"column":26}}]},"3":{"line":37,"type":"cond-expr","locations":[{"start":{"line":38,"column":14},"end":{"line":38,"column":20}},{"start":{"line":39,"column":14},"end":{"line":39,"column":20}}]},"4":{"line":40,"type":"switch","locations":[{"start":{"line":42,"column":8},"end":{"line":47,"column":18}},{"start":{"line":49,"column":8},"end":{"line":52,"column":18}}]},"5":{"line":44,"type":"binary-expr","locations":[{"start":{"line":44,"column":16},"end":{"line":44,"column":44}},{"start":{"line":44,"column":48},"end":{"line":44,"column":66}}]},"6":{"line":50,"type":"binary-expr","locations":[{"start":{"line":50,"column":21},"end":{"line":50,"column":49}},{"start":{"line":50,"column":53},"end":{"line":50,"column":72}}]},"7":{"line":64,"type":"switch","locations":[{"start":{"line":69,"column":4},"end":{"line":70,"column":14}},{"start":{"line":75,"column":4},"end":{"line":76,"column":14}}]},"8":{"line":85,"type":"switch","locations":[{"start":{"line":90,"column":4},"end":{"line":95,"column":14}},{"start":{"line":101,"column":4},"end":{"line":183,"column":14},"skip":true}]},"9":{"line":92,"type":"binary-expr","locations":[{"start":{"line":92,"column":18},"end":{"line":92,"column":32}},{"start":{"line":93,"column":12},"end":{"line":93,"column":53}},{"start":{"line":94,"column":12},"end":{"line":94,"column":61}}]},"10":{"line":102,"type":"binary-expr","locations":[{"start":{"line":102,"column":45},"end":{"line":102,"column":79},"skip":true},{"start":{"line":102,"column":83},"end":{"line":111,"column":9},"skip":true}]},"11":{"line":113,"type":"binary-expr","locations":[{"start":{"line":113,"column":42},"end":{"line":113,"column":73},"skip":true},{"start":{"line":113,"column":77},"end":{"line":126,"column":9},"skip":true}]},"12":{"line":128,"type":"binary-expr","locations":[{"start":{"line":128,"column":48},"end":{"line":128,"column":85},"skip":true},{"start":{"line":129,"column":12},"end":{"line":135,"column":13},"skip":true}]},"13":{"line":137,"type":"binary-expr","locations":[{"start":{"line":137,"column":42},"end":{"line":137,"column":73},"skip":true},{"start":{"line":137,"column":77},"end":{"line":146,"column":9},"skip":true}]},"14":{"line":148,"type":"binary-expr","locations":[{"start":{"line":148,"column":45},"end":{"line":148,"column":79},"skip":true},{"start":{"line":148,"column":83},"end":{"line":157,"column":9},"skip":true}]},"15":{"line":159,"type":"binary-expr","locations":[{"start":{"line":159,"column":43},"end":{"line":159,"column":75},"skip":true},{"start":{"line":159,"column":79},"end":{"line":168,"column":9},"skip":true}]},"16":{"line":170,"type":"binary-expr","locations":[{"start":{"line":170,"column":41},"end":{"line":170,"column":71},"skip":true},{"start":{"line":170,"column":75},"end":{"line":179,"column":9},"skip":true}]}},"code":["/* istanbul instrument in package npmtest_gaze */","/*jslint","    bitwise: true,","    browser: true,","    maxerr: 8,","    maxlen: 96,","    node: true,","    nomen: true,","    regexp: true,","    stupid: true","*/","(function () {","    'use strict';","    var local;","","","","    // run shared js-env code - pre-init","    (function () {","        // init local","        local = {};","        // init modeJs","        local.modeJs = (function () {","            try {","                return typeof navigator.userAgent === 'string' &&","                    typeof document.querySelector('body') === 'object' &&","                    typeof XMLHttpRequest.prototype.open === 'function' &&","                    'browser';","            } catch (errorCaughtBrowser) {","                return module.exports &&","                    typeof process.versions.node === 'string' &&","                    typeof require('http').createServer === 'function' &&","                    'node';","            }","        }());","        // init global","        local.global = local.modeJs === 'browser'","            ? window","            : global;","        switch (local.modeJs) {","        // re-init local from window.local","        case 'browser':","            local = local.global.utility2.objectSetDefault(","                local.global.utility2_rollup || local.global.local,","                local.global.utility2","            );","            break;","        // re-init local from example.js","        case 'node':","            local = (local.global.utility2_rollup || require('utility2'))","                .requireExampleJsFromReadme();","            break;","        }","        // export local","        local.global.local = local;","    }());","","","","    // run shared js-env code - function","    (function () {","        return;","    }());","    switch (local.modeJs) {","","","","    // run browser js-env code - function","    case 'browser':","        break;","","","","    // run node js-env code - function","    case 'node':","        break;","    }","","","","    // run shared js-env code - post-init","    (function () {","        return;","    }());","    switch (local.modeJs) {","","","","    // run browser js-env code - post-init","    case 'browser':","        // run tests","        local.nop(local.modeTest &&","            document.querySelector('#testRunButton1') &&","            document.querySelector('#testRunButton1').click());","        break;","","","","    // run node js-env code - post-init","    /* istanbul ignore next */","    case 'node':","        local.testCase_buildApidoc_default = local.testCase_buildApidoc_default || function (","            options,","            onError","        ) {","        /*","         * this function will test buildApidoc's default handling-behavior-behavior","         */","            options = { modulePathList: module.paths };","            local.buildApidoc(options, onError);","        };","","        local.testCase_buildApp_default = local.testCase_buildApp_default || function (","            options,","            onError","        ) {","        /*","         * this function will test buildApp's default handling-behavior-behavior","         */","            local.testCase_buildReadme_default(options, local.onErrorThrow);","            local.testCase_buildLib_default(options, local.onErrorThrow);","            local.testCase_buildTest_default(options, local.onErrorThrow);","            local.testCase_buildCustomOrg_default(options, local.onErrorThrow);","            options = [];","            local.buildApp(options, onError);","        };","","        local.testCase_buildCustomOrg_default = local.testCase_buildCustomOrg_default ||","            function (options, onError) {","            /*","             * this function will test buildCustomOrg's default handling-behavior","             */","                options = {};","                local.buildCustomOrg(options, onError);","            };","","        local.testCase_buildLib_default = local.testCase_buildLib_default || function (","            options,","            onError","        ) {","        /*","         * this function will test buildLib's default handling-behavior","         */","            options = {};","            local.buildLib(options, onError);","        };","","        local.testCase_buildReadme_default = local.testCase_buildReadme_default || function (","            options,","            onError","        ) {","        /*","         * this function will test buildReadme's default handling-behavior-behavior","         */","            options = {};","            local.buildReadme(options, onError);","        };","","        local.testCase_buildTest_default = local.testCase_buildTest_default || function (","            options,","            onError","        ) {","        /*","         * this function will test buildTest's default handling-behavior","         */","            options = {};","            local.buildTest(options, onError);","        };","","        local.testCase_webpage_default = local.testCase_webpage_default || function (","            options,","            onError","        ) {","        /*","         * this function will test webpage's default handling-behavior","         */","            options = { modeCoverageMerge: true, url: local.serverLocalHost + '?modeTest=1' };","            local.browserTest(options, onError);","        };","","        // run test-server","        local.testRunServer(local);","        break;","    }","}());",""],"l":{"12":2,"14":2,"19":2,"21":2,"23":2,"24":2,"25":2,"30":1,"37":2,"40":2,"43":1,"47":1,"50":1,"52":1,"55":2,"61":2,"62":2,"64":2,"70":1,"76":1,"82":2,"83":2,"85":2,"92":1,"95":1,"102":1,"109":1,"110":1,"113":1,"120":1,"121":1,"122":1,"123":1,"124":1,"125":1,"128":1,"133":2,"134":2,"137":1,"144":2,"145":2,"148":1,"155":2,"156":2,"159":1,"166":2,"167":2,"170":1,"177":1,"178":1,"182":1,"183":1}},"/home/travis/build/npmtest/node-npmtest-gaze/lib.npmtest_gaze.js":{"path":"/home/travis/build/npmtest/node-npmtest-gaze/lib.npmtest_gaze.js","s":{"1":2,"2":2,"3":2,"4":2,"5":2,"6":2,"7":2,"8":1,"9":2,"10":2,"11":2,"12":2,"13":1,"14":1,"15":1,"16":1},"b":{"1":[2,1,1,1],"2":[1,1,1,1],"3":[1,1],"4":[2,2],"5":[1,1]},"f":{"1":2,"2":2,"3":2},"fnMap":{"1":{"name":"(anonymous_1)","line":12,"loc":{"start":{"line":12,"column":1},"end":{"line":12,"column":13}}},"2":{"name":"(anonymous_2)","line":19,"loc":{"start":{"line":19,"column":5},"end":{"line":19,"column":17}}},"3":{"name":"(anonymous_3)","line":23,"loc":{"start":{"line":23,"column":24},"end":{"line":23,"column":36}}}},"statementMap":{"1":{"start":{"line":12,"column":0},"end":{"line":53,"column":5}},"2":{"start":{"line":14,"column":4},"end":{"line":14,"column":14}},"3":{"start":{"line":19,"column":4},"end":{"line":52,"column":9}},"4":{"start":{"line":21,"column":8},"end":{"line":21,"column":19}},"5":{"start":{"line":23,"column":8},"end":{"line":35,"column":13}},"6":{"start":{"line":24,"column":12},"end":{"line":34,"column":13}},"7":{"start":{"line":25,"column":16},"end":{"line":28,"column":30}},"8":{"start":{"line":30,"column":16},"end":{"line":33,"column":27}},"9":{"start":{"line":37,"column":8},"end":{"line":39,"column":21}},"10":{"start":{"line":41,"column":8},"end":{"line":41,"column":54}},"11":{"start":{"line":43,"column":8},"end":{"line":43,"column":49}},"12":{"start":{"line":45,"column":8},"end":{"line":51,"column":9}},"13":{"start":{"line":46,"column":12},"end":{"line":46,"column":55}},"14":{"start":{"line":48,"column":12},"end":{"line":48,"column":35}},"15":{"start":{"line":49,"column":12},"end":{"line":49,"column":49}},"16":{"start":{"line":50,"column":12},"end":{"line":50,"column":43}}},"branchMap":{"1":{"line":25,"type":"binary-expr","locations":[{"start":{"line":25,"column":23},"end":{"line":25,"column":62}},{"start":{"line":26,"column":20},"end":{"line":26,"column":70}},{"start":{"line":27,"column":20},"end":{"line":27,"column":71}},{"start":{"line":28,"column":20},"end":{"line":28,"column":29}}]},"2":{"line":30,"type":"binary-expr","locations":[{"start":{"line":30,"column":23},"end":{"line":30,"column":37}},{"start":{"line":31,"column":20},"end":{"line":31,"column":61}},{"start":{"line":32,"column":20},"end":{"line":32,"column":70}},{"start":{"line":33,"column":20},"end":{"line":33,"column":26}}]},"3":{"line":37,"type":"cond-expr","locations":[{"start":{"line":38,"column":14},"end":{"line":38,"column":20}},{"start":{"line":39,"column":14},"end":{"line":39,"column":20}}]},"4":{"line":41,"type":"binary-expr","locations":[{"start":{"line":41,"column":16},"end":{"line":41,"column":44}},{"start":{"line":41,"column":48},"end":{"line":41,"column":53}}]},"5":{"line":45,"type":"if","locations":[{"start":{"line":45,"column":8},"end":{"line":45,"column":8}},{"start":{"line":45,"column":8},"end":{"line":45,"column":8}}]}},"code":["/* istanbul instrument in package npmtest_gaze */","/*jslint","    bitwise: true,","    browser: true,","    maxerr: 8,","    maxlen: 96,","    node: true,","    nomen: true,","    regexp: true,","    stupid: true","*/","(function () {","    'use strict';","    var local;","","","","    // run shared js-env code - pre-init","    (function () {","        // init local","        local = {};","        // init modeJs","        local.modeJs = (function () {","            try {","                return typeof navigator.userAgent === 'string' &&","                    typeof document.querySelector('body') === 'object' &&","                    typeof XMLHttpRequest.prototype.open === 'function' &&","                    'browser';","            } catch (errorCaughtBrowser) {","                return module.exports &&","                    typeof process.versions.node === 'string' &&","                    typeof require('http').createServer === 'function' &&","                    'node';","            }","        }());","        // init global","        local.global = local.modeJs === 'browser'","            ? window","            : global;","        // init utility2_rollup","        local = local.global.utility2_rollup || local;","        // init lib","        local.local = local.npmtest_gaze = local;","        // init exports","        if (local.modeJs === 'browser') {","            local.global.utility2_npmtest_gaze = local;","        } else {","            module.exports = local;","            module.exports.__dirname = __dirname;","            module.exports.module = module;","        }","    }());","}());",""],"l":{"12":2,"14":2,"19":2,"21":2,"23":2,"24":2,"25":2,"30":1,"37":2,"41":2,"43":2,"45":2,"46":1,"48":1,"49":1,"50":1}},"/home/travis/build/npmtest/node-npmtest-gaze/example.js":{"path":"/home/travis/build/npmtest/node-npmtest-gaze/example.js","s":{"1":2,"2":2,"3":2,"4":2,"5":2,"6":2,"7":2,"8":1,"9":2,"10":2,"11":2,"12":2,"13":1,"14":2,"15":2,"16":2,"17":2,"18":2,"19":0,"20":2,"21":1,"22":1,"23":1,"24":1,"25":1,"26":0,"27":0,"28":1,"29":1,"30":2,"31":0,"32":0,"33":0,"34":1,"35":2,"36":2,"37":2,"38":2,"39":2,"40":2,"41":0,"42":2,"43":2,"44":2,"45":1,"46":3,"47":1,"48":1,"49":1,"50":1,"51":1,"52":1,"53":1,"54":1,"55":1,"56":1,"57":0,"58":1,"59":6,"60":6,"61":1,"62":2,"63":0,"64":2,"65":1,"66":1,"67":0,"68":0,"69":0,"70":0,"71":0,"72":0,"73":0,"74":0,"75":0,"76":0,"77":0,"78":0,"79":0,"80":0,"81":0,"82":0,"83":0},"b":{"1":[2,1,1,1],"2":[1,1,1,1],"3":[1,1],"4":[2,2],"5":[1,1],"6":[1,1],"7":[2,0],"8":[2,1,1,1,1,1],"9":[0,2,0],"10":[1,1],"11":[2,1,1],"12":[1,0],"13":[0,2],"14":[2,0,0,0,0,0,0],"15":[0,2],"16":[2,0],"17":[1,1],"18":[0,1],"19":[1,2,0,2],"20":[1,0],"21":[1,1],"22":[0,0],"23":[0,0],"24":[0,0],"25":[0,0],"26":[0,0],"27":[0,0],"28":[0,0]},"f":{"1":2,"2":2,"3":2,"4":2,"5":2,"6":2,"7":2,"8":2,"9":3,"10":1,"11":6,"12":0},"fnMap":{"1":{"name":"(anonymous_1)","line":26,"loc":{"start":{"line":26,"column":1},"end":{"line":26,"column":13}}},"2":{"name":"(anonymous_2)","line":33,"loc":{"start":{"line":33,"column":5},"end":{"line":33,"column":17}}},"3":{"name":"(anonymous_3)","line":37,"loc":{"start":{"line":37,"column":24},"end":{"line":37,"column":36}}},"4":{"name":"(anonymous_4)","line":69,"loc":{"start":{"line":69,"column":31},"end":{"line":69,"column":48}},"skip":true},"5":{"name":"(anonymous_5)","line":78,"loc":{"start":{"line":78,"column":26},"end":{"line":78,"column":45}},"skip":true},"6":{"name":"(anonymous_6)","line":123,"loc":{"start":{"line":123,"column":33},"end":{"line":123,"column":48}},"skip":true},"7":{"name":"(anonymous_7)","line":125,"loc":{"start":{"line":125,"column":27},"end":{"line":125,"column":39}},"skip":true},"8":{"name":"(anonymous_8)","line":133,"loc":{"start":{"line":133,"column":59},"end":{"line":133,"column":74}},"skip":true},"9":{"name":"(anonymous_9)","line":143,"loc":{"start":{"line":143,"column":45},"end":{"line":143,"column":62}},"skip":true},"10":{"name":"(anonymous_10)","line":144,"loc":{"start":{"line":144,"column":73},"end":{"line":144,"column":92}},"skip":true},"11":{"name":"(anonymous_11)","line":272,"loc":{"start":{"line":272,"column":51},"end":{"line":272,"column":77}},"skip":true},"12":{"name":"(anonymous_12)","line":314,"loc":{"start":{"line":314,"column":32},"end":{"line":314,"column":61}},"skip":true}},"statementMap":{"1":{"start":{"line":26,"column":0},"end":{"line":325,"column":5}},"2":{"start":{"line":28,"column":4},"end":{"line":28,"column":14}},"3":{"start":{"line":33,"column":4},"end":{"line":60,"column":9}},"4":{"start":{"line":35,"column":8},"end":{"line":35,"column":19}},"5":{"start":{"line":37,"column":8},"end":{"line":49,"column":13}},"6":{"start":{"line":38,"column":12},"end":{"line":48,"column":13}},"7":{"start":{"line":39,"column":16},"end":{"line":42,"column":30}},"8":{"start":{"line":44,"column":16},"end":{"line":47,"column":27}},"9":{"start":{"line":51,"column":8},"end":{"line":53,"column":21}},"10":{"start":{"line":55,"column":8},"end":{"line":57,"column":45}},"11":{"start":{"line":59,"column":8},"end":{"line":59,"column":35}},"12":{"start":{"line":61,"column":4},"end":{"line":324,"column":5}},"13":{"start":{"line":69,"column":8},"end":{"line":121,"column":10},"skip":true},"14":{"start":{"line":70,"column":12},"end":{"line":88,"column":13},"skip":true},"15":{"start":{"line":76,"column":16},"end":{"line":87,"column":19},"skip":true},"16":{"start":{"line":79,"column":20},"end":{"line":86,"column":21},"skip":true},"17":{"start":{"line":82,"column":24},"end":{"line":82,"column":43},"skip":true},"18":{"start":{"line":83,"column":24},"end":{"line":83,"column":30},"skip":true},"19":{"start":{"line":85,"column":24},"end":{"line":85,"column":49},"skip":true},"20":{"start":{"line":89,"column":12},"end":{"line":107,"column":13},"skip":true},"21":{"start":{"line":92,"column":16},"end":{"line":102,"column":17},"skip":true},"22":{"start":{"line":93,"column":20},"end":{"line":93,"column":86},"skip":true},"23":{"start":{"line":94,"column":20},"end":{"line":95,"column":45},"skip":true},"24":{"start":{"line":96,"column":20},"end":{"line":96,"column":42},"skip":true},"25":{"start":{"line":97,"column":20},"end":{"line":97,"column":48},"skip":true},"26":{"start":{"line":100,"column":20},"end":{"line":100,"column":85},"skip":true},"27":{"start":{"line":101,"column":20},"end":{"line":101,"column":96},"skip":true},"28":{"start":{"line":103,"column":16},"end":{"line":103,"column":22},"skip":true},"29":{"start":{"line":106,"column":16},"end":{"line":106,"column":22},"skip":true},"30":{"start":{"line":108,"column":12},"end":{"line":120,"column":13},"skip":true},"31":{"start":{"line":114,"column":16},"end":{"line":119,"column":17},"skip":true},"32":{"start":{"line":116,"column":20},"end":{"line":116,"column":78},"skip":true},"33":{"start":{"line":118,"column":20},"end":{"line":118,"column":53},"skip":true},"34":{"start":{"line":123,"column":8},"end":{"line":141,"column":11},"skip":true},"35":{"start":{"line":124,"column":12},"end":{"line":124,"column":54},"skip":true},"36":{"start":{"line":125,"column":12},"end":{"line":140,"column":14},"skip":true},"37":{"start":{"line":126,"column":16},"end":{"line":126,"column":28},"skip":true},"38":{"start":{"line":127,"column":16},"end":{"line":127,"column":69},"skip":true},"39":{"start":{"line":128,"column":16},"end":{"line":128,"column":75},"skip":true},"40":{"start":{"line":129,"column":16},"end":{"line":131,"column":17},"skip":true},"41":{"start":{"line":130,"column":20},"end":{"line":130,"column":27},"skip":true},"42":{"start":{"line":133,"column":16},"end":{"line":137,"column":36},"skip":true},"43":{"start":{"line":134,"column":20},"end":{"line":136,"column":55},"skip":true},"44":{"start":{"line":139,"column":16},"end":{"line":139,"column":57},"skip":true},"45":{"start":{"line":143,"column":8},"end":{"line":147,"column":11},"skip":true},"46":{"start":{"line":144,"column":12},"end":{"line":146,"column":15},"skip":true},"47":{"start":{"line":145,"column":16},"end":{"line":145,"column":70},"skip":true},"48":{"start":{"line":149,"column":8},"end":{"line":149,"column":31},"skip":true},"49":{"start":{"line":150,"column":8},"end":{"line":150,"column":14},"skip":true},"50":{"start":{"line":158,"column":8},"end":{"line":158,"column":31},"skip":true},"51":{"start":{"line":160,"column":8},"end":{"line":160,"column":33},"skip":true},"52":{"start":{"line":161,"column":8},"end":{"line":161,"column":37},"skip":true},"53":{"start":{"line":162,"column":8},"end":{"line":162,"column":35},"skip":true},"54":{"start":{"line":164,"column":8},"end":{"line":164,"column":50},"skip":true},"55":{"start":{"line":166,"column":8},"end":{"line":256,"column":2},"skip":true},"56":{"start":{"line":258,"column":8},"end":{"line":286,"column":9},"skip":true},"57":{"start":{"line":259,"column":12},"end":{"line":269,"column":14},"skip":true},"58":{"start":{"line":271,"column":12},"end":{"line":285,"column":19},"skip":true},"59":{"start":{"line":274,"column":20},"end":{"line":274,"column":35},"skip":true},"60":{"start":{"line":275,"column":20},"end":{"line":284,"column":21},"skip":true},"61":{"start":{"line":277,"column":24},"end":{"line":277,"column":64},"skip":true},"62":{"start":{"line":279,"column":24},"end":{"line":279,"column":40},"skip":true},"63":{"start":{"line":281,"column":24},"end":{"line":281,"column":40},"skip":true},"64":{"start":{"line":283,"column":24},"end":{"line":283,"column":39},"skip":true},"65":{"start":{"line":288,"column":8},"end":{"line":290,"column":9},"skip":true},"66":{"start":{"line":289,"column":12},"end":{"line":289,"column":18},"skip":true},"67":{"start":{"line":291,"column":8},"end":{"line":293,"column":54},"skip":true},"68":{"start":{"line":294,"column":8},"end":{"line":301,"column":37},"skip":true},"69":{"start":{"line":302,"column":8},"end":{"line":302,"column":82},"skip":true},"70":{"start":{"line":305,"column":8},"end":{"line":307,"column":9},"skip":true},"71":{"start":{"line":306,"column":12},"end":{"line":306,"column":82},"skip":true},"72":{"start":{"line":309,"column":8},"end":{"line":311,"column":9},"skip":true},"73":{"start":{"line":310,"column":12},"end":{"line":310,"column":18},"skip":true},"74":{"start":{"line":312,"column":8},"end":{"line":312,"column":54},"skip":true},"75":{"start":{"line":313,"column":8},"end":{"line":313,"column":69},"skip":true},"76":{"start":{"line":314,"column":8},"end":{"line":322,"column":36},"skip":true},"77":{"start":{"line":315,"column":12},"end":{"line":315,"column":61},"skip":true},"78":{"start":{"line":316,"column":12},"end":{"line":319,"column":13},"skip":true},"79":{"start":{"line":317,"column":16},"end":{"line":317,"column":75},"skip":true},"80":{"start":{"line":318,"column":16},"end":{"line":318,"column":23},"skip":true},"81":{"start":{"line":320,"column":12},"end":{"line":320,"column":38},"skip":true},"82":{"start":{"line":321,"column":12},"end":{"line":321,"column":27},"skip":true},"83":{"start":{"line":323,"column":8},"end":{"line":323,"column":14},"skip":true}},"branchMap":{"1":{"line":39,"type":"binary-expr","locations":[{"start":{"line":39,"column":23},"end":{"line":39,"column":62}},{"start":{"line":40,"column":20},"end":{"line":40,"column":70}},{"start":{"line":41,"column":20},"end":{"line":41,"column":71}},{"start":{"line":42,"column":20},"end":{"line":42,"column":29}}]},"2":{"line":44,"type":"binary-expr","locations":[{"start":{"line":44,"column":23},"end":{"line":44,"column":37}},{"start":{"line":45,"column":20},"end":{"line":45,"column":61}},{"start":{"line":46,"column":20},"end":{"line":46,"column":70}},{"start":{"line":47,"column":20},"end":{"line":47,"column":26}}]},"3":{"line":51,"type":"cond-expr","locations":[{"start":{"line":52,"column":14},"end":{"line":52,"column":20}},{"start":{"line":53,"column":14},"end":{"line":53,"column":20}}]},"4":{"line":55,"type":"binary-expr","locations":[{"start":{"line":55,"column":16},"end":{"line":55,"column":44}},{"start":{"line":55,"column":49},"end":{"line":57,"column":43}}]},"5":{"line":55,"type":"cond-expr","locations":[{"start":{"line":56,"column":14},"end":{"line":56,"column":48}},{"start":{"line":57,"column":14},"end":{"line":57,"column":43}}]},"6":{"line":61,"type":"switch","locations":[{"start":{"line":68,"column":4},"end":{"line":150,"column":14},"skip":true},{"start":{"line":156,"column":4},"end":{"line":323,"column":14},"skip":true}]},"7":{"line":70,"type":"if","locations":[{"start":{"line":70,"column":12},"end":{"line":70,"column":12},"skip":true},{"start":{"line":70,"column":12},"end":{"line":70,"column":12},"skip":true}]},"8":{"line":70,"type":"binary-expr","locations":[{"start":{"line":70,"column":16},"end":{"line":70,"column":22},"skip":true},{"start":{"line":70,"column":27},"end":{"line":70,"column":32},"skip":true},{"start":{"line":71,"column":20},"end":{"line":71,"column":39},"skip":true},{"start":{"line":72,"column":20},"end":{"line":72,"column":49},"skip":true},{"start":{"line":73,"column":20},"end":{"line":73,"column":58},"skip":true},{"start":{"line":74,"column":20},"end":{"line":74,"column":69},"skip":true}]},"9":{"line":79,"type":"switch","locations":[{"start":{"line":80,"column":20},"end":{"line":80,"column":33},"skip":true},{"start":{"line":81,"column":20},"end":{"line":83,"column":30},"skip":true},{"start":{"line":84,"column":20},"end":{"line":85,"column":49},"skip":true}]},"10":{"line":89,"type":"switch","locations":[{"start":{"line":90,"column":12},"end":{"line":103,"column":22},"skip":true},{"start":{"line":105,"column":12},"end":{"line":106,"column":22},"skip":true}]},"11":{"line":89,"type":"binary-expr","locations":[{"start":{"line":89,"column":20},"end":{"line":89,"column":25},"skip":true},{"start":{"line":89,"column":29},"end":{"line":89,"column":48},"skip":true},{"start":{"line":89,"column":52},"end":{"line":89,"column":74},"skip":true}]},"12":{"line":92,"type":"if","locations":[{"start":{"line":92,"column":16},"end":{"line":92,"column":16},"skip":true},{"start":{"line":92,"column":16},"end":{"line":92,"column":16},"skip":true}]},"13":{"line":108,"type":"if","locations":[{"start":{"line":108,"column":12},"end":{"line":108,"column":12},"skip":true},{"start":{"line":108,"column":12},"end":{"line":108,"column":12},"skip":true}]},"14":{"line":108,"type":"binary-expr","locations":[{"start":{"line":108,"column":16},"end":{"line":108,"column":61},"skip":true},{"start":{"line":108,"column":66},"end":{"line":108,"column":72},"skip":true},{"start":{"line":108,"column":77},"end":{"line":108,"column":82},"skip":true},{"start":{"line":109,"column":20},"end":{"line":109,"column":39},"skip":true},{"start":{"line":110,"column":20},"end":{"line":110,"column":49},"skip":true},{"start":{"line":111,"column":20},"end":{"line":111,"column":58},"skip":true},{"start":{"line":112,"column":20},"end":{"line":112,"column":68},"skip":true}]},"15":{"line":129,"type":"if","locations":[{"start":{"line":129,"column":16},"end":{"line":129,"column":16},"skip":true},{"start":{"line":129,"column":16},"end":{"line":129,"column":16},"skip":true}]},"16":{"line":134,"type":"cond-expr","locations":[{"start":{"line":135,"column":26},"end":{"line":135,"column":29},"skip":true},{"start":{"line":136,"column":26},"end":{"line":136,"column":54},"skip":true}]},"17":{"line":164,"type":"binary-expr","locations":[{"start":{"line":164,"column":27},"end":{"line":164,"column":43},"skip":true},{"start":{"line":164,"column":47},"end":{"line":164,"column":49},"skip":true}]},"18":{"line":258,"type":"if","locations":[{"start":{"line":258,"column":8},"end":{"line":258,"column":8},"skip":true},{"start":{"line":258,"column":8},"end":{"line":258,"column":8},"skip":true}]},"19":{"line":275,"type":"switch","locations":[{"start":{"line":276,"column":20},"end":{"line":277,"column":64},"skip":true},{"start":{"line":278,"column":20},"end":{"line":279,"column":40},"skip":true},{"start":{"line":280,"column":20},"end":{"line":281,"column":40},"skip":true},{"start":{"line":282,"column":20},"end":{"line":283,"column":39},"skip":true}]},"20":{"line":288,"type":"if","locations":[{"start":{"line":288,"column":8},"end":{"line":288,"column":8},"skip":true},{"start":{"line":288,"column":8},"end":{"line":288,"column":8},"skip":true}]},"21":{"line":288,"type":"binary-expr","locations":[{"start":{"line":288,"column":12},"end":{"line":288,"column":40},"skip":true},{"start":{"line":288,"column":44},"end":{"line":288,"column":67},"skip":true}]},"22":{"line":292,"type":"binary-expr","locations":[{"start":{"line":292,"column":12},"end":{"line":292,"column":50},"skip":true},{"start":{"line":293,"column":12},"end":{"line":293,"column":53},"skip":true}]},"23":{"line":295,"type":"binary-expr","locations":[{"start":{"line":295,"column":12},"end":{"line":295,"column":62},"skip":true},{"start":{"line":296,"column":12},"end":{"line":301,"column":36},"skip":true}]},"24":{"line":302,"type":"binary-expr","locations":[{"start":{"line":302,"column":43},"end":{"line":302,"column":75},"skip":true},{"start":{"line":302,"column":79},"end":{"line":302,"column":81},"skip":true}]},"25":{"line":305,"type":"if","locations":[{"start":{"line":305,"column":8},"end":{"line":305,"column":8},"skip":true},{"start":{"line":305,"column":8},"end":{"line":305,"column":8},"skip":true}]},"26":{"line":309,"type":"if","locations":[{"start":{"line":309,"column":8},"end":{"line":309,"column":8},"skip":true},{"start":{"line":309,"column":8},"end":{"line":309,"column":8},"skip":true}]},"27":{"line":312,"type":"binary-expr","locations":[{"start":{"line":312,"column":27},"end":{"line":312,"column":43},"skip":true},{"start":{"line":312,"column":47},"end":{"line":312,"column":53},"skip":true}]},"28":{"line":316,"type":"if","locations":[{"start":{"line":316,"column":12},"end":{"line":316,"column":12},"skip":true},{"start":{"line":316,"column":12},"end":{"line":316,"column":12},"skip":true}]}},"code":["/*","example.js","","quickstart example","","instruction","    1. save this script as example.js","    2. run the shell command:","        $ npm install npmtest-gaze && PORT=8081 node example.js","    3. play with the browser-demo on http://127.0.0.1:8081","*/","","","","/* istanbul instrument in package npmtest_gaze */","/*jslint","    bitwise: true,","    browser: true,","    maxerr: 8,","    maxlen: 96,","    node: true,","    nomen: true,","    regexp: true,","    stupid: true","*/","(function () {","    'use strict';","    var local;","","","","    // run shared js-env code - pre-init","    (function () {","        // init local","        local = {};","        // init modeJs","        local.modeJs = (function () {","            try {","                return typeof navigator.userAgent === 'string' &&","                    typeof document.querySelector('body') === 'object' &&","                    typeof XMLHttpRequest.prototype.open === 'function' &&","                    'browser';","            } catch (errorCaughtBrowser) {","                return module.exports &&","                    typeof process.versions.node === 'string' &&","                    typeof require('http').createServer === 'function' &&","                    'node';","            }","        }());","        // init global","        local.global = local.modeJs === 'browser'","            ? window","            : global;","        // init utility2_rollup","        local = local.global.utility2_rollup || (local.modeJs === 'browser'","            ? local.global.utility2_npmtest_gaze","            : global.utility2_moduleExports);","        // export local","        local.global.local = local;","    }());","    switch (local.modeJs) {","","","","    // post-init","    // run browser js-env code - post-init","    /* istanbul ignore next */","    case 'browser':","        local.testRunBrowser = function (event) {","            if (!event || (event &&","                    event.currentTarget &&","                    event.currentTarget.className &&","                    event.currentTarget.className.includes &&","                    event.currentTarget.className.includes('onreset'))) {","                // reset output","                Array.from(","                    document.querySelectorAll('body > .resettable')","                ).forEach(function (element) {","                    switch (element.tagName) {","                    case 'INPUT':","                    case 'TEXTAREA':","                        element.value = '';","                        break;","                    default:","                        element.textContent = '';","                    }","                });","            }","            switch (event && event.currentTarget && event.currentTarget.id) {","            case 'testRunButton1':","                // show tests","                if (document.querySelector('#testReportDiv1').style.display === 'none') {","                    document.querySelector('#testReportDiv1').style.display = 'block';","                    document.querySelector('#testRunButton1').textContent =","                        'hide internal test';","                    local.modeTest = true;","                    local.testRunDefault(local);","                // hide tests","                } else {","                    document.querySelector('#testReportDiv1').style.display = 'none';","                    document.querySelector('#testRunButton1').textContent = 'run internal test';","                }","                break;","            // custom-case","            default:","                break;","            }","            if (document.querySelector('#inputTextareaEval1') && (!event || (event &&","                    event.currentTarget &&","                    event.currentTarget.className &&","                    event.currentTarget.className.includes &&","                    event.currentTarget.className.includes('oneval')))) {","                // try to eval input-code","                try {","                    /*jslint evil: true*/","                    eval(document.querySelector('#inputTextareaEval1').value);","                } catch (errorCaught) {","                    console.error(errorCaught.stack);","                }","            }","        };","        // log stderr and stdout to #outputTextareaStdout1","        ['error', 'log'].forEach(function (key) {","            console[key + '_original'] = console[key];","            console[key] = function () {","                var element;","                console[key + '_original'].apply(console, arguments);","                element = document.querySelector('#outputTextareaStdout1');","                if (!element) {","                    return;","                }","                // append text to #outputTextareaStdout1","                element.value += Array.from(arguments).map(function (arg) {","                    return typeof arg === 'string'","                        ? arg","                        : JSON.stringify(arg, null, 4);","                }).join(' ') + '\\n';","                // scroll textarea to bottom","                element.scrollTop = element.scrollHeight;","            };","        });","        // init event-handling","        ['change', 'click', 'keyup'].forEach(function (event) {","            Array.from(document.querySelectorAll('.on' + event)).forEach(function (element) {","                element.addEventListener(event, local.testRunBrowser);","            });","        });","        // run tests","        local.testRunBrowser();","        break;","","","","    // run node js-env code - post-init","    /* istanbul ignore next */","    case 'node':","        // export local","        module.exports = local;","        // require modules","        local.fs = require('fs');","        local.http = require('http');","        local.url = require('url');","        // init assets","        local.assetsDict = local.assetsDict || {};","        /* jslint-ignore-begin */","        local.assetsDict['/assets.index.template.html'] = '\\","<!doctype html>\\n\\","<html lang=\"en\">\\n\\","<head>\\n\\","<meta charset=\"UTF-8\">\\n\\","<meta name=\"viewport\" content=\"width=device-width, initial-scale=1\">\\n\\","<title>{{env.npm_package_name}} (v{{env.npm_package_version}})</title>\\n\\","<style>\\n\\","/*csslint\\n\\","    box-sizing: false,\\n\\","    universal-selector: false\\n\\","*/\\n\\","* {\\n\\","    box-sizing: border-box;\\n\\","}\\n\\","body {\\n\\","    background: #dde;\\n\\","    font-family: Arial, Helvetica, sans-serif;\\n\\","    margin: 2rem;\\n\\","}\\n\\","body > * {\\n\\","    margin-bottom: 1rem;\\n\\","}\\n\\",".utility2FooterDiv {\\n\\","    margin-top: 20px;\\n\\","    text-align: center;\\n\\","}\\n\\","</style>\\n\\","<style>\\n\\","/*csslint\\n\\","*/\\n\\","textarea {\\n\\","    font-family: monospace;\\n\\","    height: 10rem;\\n\\","    width: 100%;\\n\\","}\\n\\","textarea[readonly] {\\n\\","    background: #ddd;\\n\\","}\\n\\","</style>\\n\\","</head>\\n\\","<body>\\n\\","<!-- utility2-comment\\n\\","<div id=\"ajaxProgressDiv1\" style=\"background: #d00; height: 2px; left: 0; margin: 0; padding: 0; position: fixed; top: 0; transition: background 0.5s, width 1.5s; width: 25%;\"></div>\\n\\","utility2-comment -->\\n\\","<h1>\\n\\","<!-- utility2-comment\\n\\","    <a\\n\\","        {{#if env.npm_package_homepage}}\\n\\","        href=\"{{env.npm_package_homepage}}\"\\n\\","        {{/if env.npm_package_homepage}}\\n\\","        target=\"_blank\"\\n\\","    >\\n\\","utility2-comment -->\\n\\","        {{env.npm_package_name}} (v{{env.npm_package_version}})\\n\\","<!-- utility2-comment\\n\\","    </a>\\n\\","utility2-comment -->\\n\\","</h1>\\n\\","<h3>{{env.npm_package_description}}</h3>\\n\\","<!-- utility2-comment\\n\\","<h4><a download href=\"assets.app.js\">download standalone app</a></h4>\\n\\","<button class=\"onclick onreset\" id=\"testRunButton1\">run internal test</button><br>\\n\\","<div id=\"testReportDiv1\" style=\"display: none;\"></div>\\n\\","utility2-comment -->\\n\\","\\n\\","\\n\\","\\n\\","<label>stderr and stdout</label>\\n\\","<textarea class=\"resettable\" id=\"outputTextareaStdout1\" readonly></textarea>\\n\\","<!-- utility2-comment\\n\\","{{#if isRollup}}\\n\\","<script src=\"assets.app.js\"></script>\\n\\","{{#unless isRollup}}\\n\\","utility2-comment -->\\n\\","<script src=\"assets.utility2.rollup.js\"></script>\\n\\","<script src=\"jsonp.utility2._stateInit?callback=window.utility2._stateInit\"></script>\\n\\","<script src=\"assets.npmtest_gaze.rollup.js\"></script>\\n\\","<script src=\"assets.example.js\"></script>\\n\\","<script src=\"assets.test.js\"></script>\\n\\","<!-- utility2-comment\\n\\","{{/if isRollup}}\\n\\","utility2-comment -->\\n\\","<div class=\"utility2FooterDiv\">\\n\\","    [ this app was created with\\n\\","    <a href=\"https://github.com/kaizhu256/node-utility2\" target=\"_blank\">utility2</a>\\n\\","    ]\\n\\","</div>\\n\\","</body>\\n\\","</html>\\n\\","';","        /* jslint-ignore-end */","        if (local.templateRender) {","            local.assetsDict['/'] = local.templateRender(","                local.assetsDict['/assets.index.template.html'],","                {","                    env: local.objectSetDefault(local.env, {","                        npm_package_description: 'the greatest app in the world!',","                        npm_package_name: 'my-app',","                        npm_package_nameAlias: 'my_app',","                        npm_package_version: '0.0.1'","                    })","                }","            );","        } else {","            local.assetsDict['/'] = local.assetsDict['/assets.index.template.html']","                .replace((/\\{\\{env\\.(\\w+?)\\}\\}/g), function (match0, match1) {","                    // jslint-hack","                    String(match0);","                    switch (match1) {","                    case 'npm_package_description':","                        return 'the greatest app in the world!';","                    case 'npm_package_name':","                        return 'my-app';","                    case 'npm_package_nameAlias':","                        return 'my_app';","                    case 'npm_package_version':","                        return '0.0.1';","                    }","                });","        }","        // run the cli","        if (local.global.utility2_rollup || module !== require.main) {","            break;","        }","        local.assetsDict['/assets.example.js'] =","            local.assetsDict['/assets.example.js'] ||","            local.fs.readFileSync(__filename, 'utf8');","        local.assetsDict['/assets.npmtest_gaze.rollup.js'] =","            local.assetsDict['/assets.npmtest_gaze.rollup.js'] ||","            local.fs.readFileSync(","                // buildCustomOrg-hack","                local.npmtest_gaze.__dirname +","                    '/lib.npmtest_gaze.js',","                'utf8'","            ).replace((/^#!/), '//');","        local.assetsDict['/favicon.ico'] = local.assetsDict['/favicon.ico'] || '';","        // if $npm_config_timeout_exit exists,","        // then exit this process after $npm_config_timeout_exit ms","        if (Number(process.env.npm_config_timeout_exit)) {","            setTimeout(process.exit, Number(process.env.npm_config_timeout_exit));","        }","        // start server","        if (local.global.utility2_serverHttp1) {","            break;","        }","        process.env.PORT = process.env.PORT || '8081';","        console.error('server starting on port ' + process.env.PORT);","        local.http.createServer(function (request, response) {","            request.urlParsed = local.url.parse(request.url);","            if (local.assetsDict[request.urlParsed.pathname] !== undefined) {","                response.end(local.assetsDict[request.urlParsed.pathname]);","                return;","            }","            response.statusCode = 404;","            response.end();","        }).listen(process.env.PORT);","        break;","    }","}());",""],"l":{"26":2,"28":2,"33":2,"35":2,"37":2,"38":2,"39":2,"44":1,"51":2,"55":2,"59":2,"61":2,"69":1,"70":2,"76":2,"79":2,"82":2,"83":2,"85":1,"89":2,"92":1,"93":1,"94":1,"96":1,"97":1,"100":1,"101":1,"103":1,"106":1,"108":2,"114":1,"116":1,"118":1,"123":1,"124":2,"125":2,"126":2,"127":2,"128":2,"129":2,"130":1,"133":2,"134":2,"139":2,"143":1,"144":3,"145":1,"149":1,"150":1,"158":1,"160":1,"161":1,"162":1,"164":1,"166":1,"258":1,"259":1,"271":1,"274":6,"275":6,"277":1,"279":2,"281":1,"283":2,"288":1,"289":1,"291":1,"294":1,"302":1,"305":1,"306":1,"309":1,"310":1,"312":1,"313":1,"314":1,"315":1,"316":1,"317":1,"318":1,"320":1,"321":1,"323":1}},"/home/travis/build/npmtest/node-npmtest-gaze/gaze/lib/gaze.js":{"path":"/home/travis/build/npmtest/node-npmtest-gaze/gaze/lib/gaze.js","s":{"1":1,"2":1,"3":1,"4":1,"5":1,"6":1,"7":1,"8":1,"9":0,"10":1,"11":1,"12":0,"13":0,"14":0,"15":0,"16":0,"17":0,"18":0,"19":0,"20":0,"21":0,"22":0,"23":0,"24":0,"25":0,"26":0,"27":0,"28":0,"29":0,"30":0,"31":0,"32":0,"33":0,"34":0,"35":0,"36":0,"37":1,"38":1,"39":0,"40":1,"41":1,"42":0,"43":0,"44":0,"45":0,"46":0,"47":0,"48":0,"49":0,"50":0,"51":0,"52":0,"53":0,"54":0,"55":0,"56":0,"57":0,"58":0,"59":0,"60":0,"61":0,"62":0,"63":0,"64":0,"65":0,"66":0,"67":0,"68":0,"69":0,"70":0,"71":0,"72":0,"73":0,"74":0,"75":0,"76":0,"77":0,"78":1,"79":0,"80":0,"81":0,"82":0,"83":0,"84":0,"85":0,"86":0,"87":0,"88":0,"89":0,"90":0,"91":0,"92":1,"93":0,"94":0,"95":0,"96":0,"97":0,"98":0,"99":0,"100":1,"101":0,"102":0,"103":0,"104":0,"105":0,"106":0,"107":0,"108":0,"109":0,"110":1,"111":0,"112":0,"113":0,"114":0,"115":0,"116":0,"117":0,"118":0,"119":0,"120":0,"121":0,"122":0,"123":0,"124":1,"125":0,"126":1,"127":0,"128":0,"129":0,"130":0,"131":0,"132":0,"133":0,"134":0,"135":0,"136":0,"137":0,"138":0,"139":0,"140":0,"141":0,"142":0,"143":0,"144":0,"145":0,"146":0,"147":0,"148":0,"149":0,"150":1,"151":0,"152":0,"153":0,"154":0,"155":0,"156":0,"157":0,"158":0,"159":0,"160":0,"161":0,"162":0,"163":0,"164":0,"165":0,"166":0,"167":1,"168":0,"169":0,"170":0,"171":0,"172":0,"173":0,"174":0,"175":0,"176":0,"177":0,"178":0,"179":0,"180":1,"181":0,"182":0,"183":0,"184":0,"185":1,"186":0,"187":0,"188":0,"189":1,"190":0,"191":0,"192":0,"193":0,"194":0,"195":0,"196":0,"197":0,"198":1,"199":0,"200":0,"201":0,"202":0,"203":0,"204":0,"205":0,"206":0,"207":0,"208":0,"209":0,"210":0,"211":0,"212":0,"213":0,"214":0,"215":0,"216":0,"217":0,"218":0,"219":0,"220":0,"221":0,"222":0,"223":0,"224":0,"225":0,"226":0,"227":0,"228":0,"229":0,"230":0,"231":0,"232":0,"233":0,"234":0,"235":0,"236":0,"237":0,"238":0,"239":0,"240":0,"241":0,"242":0,"243":0,"244":0,"245":0,"246":0,"247":0,"248":0,"249":0,"250":0,"251":1,"252":0,"253":0,"254":0},"b":{"1":[0,1],"2":[0,0],"3":[0,0],"4":[0,0],"5":[0,0],"6":[0,0],"7":[0,0],"8":[0,0],"9":[0,0],"10":[0,0],"11":[0,0],"12":[0,0],"13":[0,0],"14":[0,0],"15":[0,0],"16":[0,0],"17":[0,0],"18":[0,0],"19":[0,0],"20":[0,0],"21":[0,0],"22":[0,0],"23":[0,0],"24":[0,0],"25":[0,0],"26":[0,0],"27":[0,0],"28":[0,0],"29":[0,0],"30":[0,0],"31":[0,0],"32":[0,0],"33":[0,0],"34":[0,0],"35":[0,0],"36":[0,0],"37":[0,0],"38":[0,0],"39":[0,0],"40":[0,0],"41":[0,0],"42":[0,0],"43":[0,0],"44":[0,0],"45":[0,0],"46":[0,0],"47":[0,0],"48":[0,0],"49":[0,0],"50":[0,0],"51":[0,0],"52":[0,0],"53":[0,0],"54":[0,0],"55":[0,0],"56":[0,0],"57":[0,0],"58":[0,0],"59":[0,0],"60":[0,0],"61":[0,0],"62":[0,0],"63":[0,0]},"f":{"1":0,"2":0,"3":0,"4":0,"5":0,"6":0,"7":0,"8":0,"9":0,"10":0,"11":0,"12":0,"13":0,"14":0,"15":0,"16":0,"17":0,"18":0,"19":0,"20":0,"21":0,"22":0,"23":0,"24":0,"25":0,"26":0,"27":0,"28":0,"29":0,"30":0,"31":0,"32":0,"33":0,"34":0,"35":0,"36":0,"37":0,"38":0,"39":0,"40":0,"41":0,"42":0,"43":0,"44":0,"45":0,"46":0,"47":0},"fnMap":{"1":{"name":"Gaze","line":29,"loc":{"start":{"line":29,"column":0},"end":{"line":29,"column":37}}},"2":{"name":"(anonymous_2)","line":48,"loc":{"start":{"line":48,"column":17},"end":{"line":48,"column":29}}},"3":{"name":"(anonymous_3)","line":78,"loc":{"start":{"line":78,"column":32},"end":{"line":78,"column":44}}},"4":{"name":"gaze","line":85,"loc":{"start":{"line":85,"column":17},"end":{"line":85,"column":54}}},"5":{"name":"(anonymous_5)","line":92,"loc":{"start":{"line":92,"column":22},"end":{"line":92,"column":34}}},"6":{"name":"(anonymous_6)","line":108,"loc":{"start":{"line":108,"column":38},"end":{"line":108,"column":57}}},"7":{"name":"(anonymous_7)","line":124,"loc":{"start":{"line":124,"column":27},"end":{"line":124,"column":39}}},"8":{"name":"(anonymous_8)","line":151,"loc":{"start":{"line":151,"column":16},"end":{"line":151,"column":32}}},"9":{"name":"(anonymous_9)","line":153,"loc":{"start":{"line":153,"column":16},"end":{"line":153,"column":32}}},"10":{"name":"(anonymous_10)","line":155,"loc":{"start":{"line":155,"column":17},"end":{"line":155,"column":33}}},"11":{"name":"(anonymous_11)","line":165,"loc":{"start":{"line":165,"column":23},"end":{"line":165,"column":41}}},"12":{"name":"(anonymous_12)","line":167,"loc":{"start":{"line":167,"column":38},"end":{"line":167,"column":54}}},"13":{"name":"(anonymous_13)","line":171,"loc":{"start":{"line":171,"column":37},"end":{"line":171,"column":52}}},"14":{"name":"(anonymous_14)","line":176,"loc":{"start":{"line":176,"column":15},"end":{"line":176,"column":27}}},"15":{"name":"(anonymous_15)","line":186,"loc":{"start":{"line":186,"column":21},"end":{"line":186,"column":44}}},"16":{"name":"(anonymous_16)","line":196,"loc":{"start":{"line":196,"column":30},"end":{"line":196,"column":52}}},"17":{"name":"(anonymous_17)","line":213,"loc":{"start":{"line":213,"column":24},"end":{"line":213,"column":40}}},"18":{"name":"(anonymous_18)","line":221,"loc":{"start":{"line":221,"column":39},"end":{"line":221,"column":54}}},"19":{"name":"(anonymous_19)","line":237,"loc":{"start":{"line":237,"column":25},"end":{"line":237,"column":37}}},"20":{"name":"(anonymous_20)","line":242,"loc":{"start":{"line":242,"column":26},"end":{"line":242,"column":50}}},"21":{"name":"(anonymous_21)","line":250,"loc":{"start":{"line":250,"column":37},"end":{"line":250,"column":52}}},"22":{"name":"(anonymous_22)","line":254,"loc":{"start":{"line":254,"column":50},"end":{"line":254,"column":66}}},"23":{"name":"(anonymous_23)","line":272,"loc":{"start":{"line":272,"column":31},"end":{"line":272,"column":48}}},"24":{"name":"(anonymous_24)","line":300,"loc":{"start":{"line":300,"column":27},"end":{"line":300,"column":48}}},"25":{"name":"(anonymous_25)","line":304,"loc":{"start":{"line":304,"column":40},"end":{"line":304,"column":57}}},"26":{"name":"(anonymous_26)","line":308,"loc":{"start":{"line":308,"column":29},"end":{"line":308,"column":41}}},"27":{"name":"(anonymous_27)","line":317,"loc":{"start":{"line":317,"column":36},"end":{"line":317,"column":51}}},"28":{"name":"(anonymous_28)","line":326,"loc":{"start":{"line":326,"column":29},"end":{"line":326,"column":45}}},"29":{"name":"(anonymous_29)","line":334,"loc":{"start":{"line":334,"column":28},"end":{"line":334,"column":43}}},"30":{"name":"(anonymous_30)","line":341,"loc":{"start":{"line":341,"column":27},"end":{"line":341,"column":49}}},"31":{"name":"(anonymous_31)","line":344,"loc":{"start":{"line":344,"column":26},"end":{"line":344,"column":48}}},"32":{"name":"(anonymous_32)","line":357,"loc":{"start":{"line":357,"column":30},"end":{"line":357,"column":46}}},"33":{"name":"(anonymous_33)","line":365,"loc":{"start":{"line":365,"column":17},"end":{"line":365,"column":29}}},"34":{"name":"(anonymous_34)","line":373,"loc":{"start":{"line":373,"column":35},"end":{"line":373,"column":56}}},"35":{"name":"(anonymous_35)","line":377,"loc":{"start":{"line":377,"column":24},"end":{"line":377,"column":50}}},"36":{"name":"(anonymous_36)","line":381,"loc":{"start":{"line":381,"column":26},"end":{"line":381,"column":50}}},"37":{"name":"(anonymous_37)","line":387,"loc":{"start":{"line":387,"column":32},"end":{"line":387,"column":51}}},"38":{"name":"(anonymous_38)","line":402,"loc":{"start":{"line":402,"column":24},"end":{"line":402,"column":40}}},"39":{"name":"(anonymous_39)","line":404,"loc":{"start":{"line":404,"column":19},"end":{"line":404,"column":35}}},"40":{"name":"(anonymous_40)","line":413,"loc":{"start":{"line":413,"column":23},"end":{"line":413,"column":39}}},"41":{"name":"(anonymous_41)","line":415,"loc":{"start":{"line":415,"column":19},"end":{"line":415,"column":35}}},"42":{"name":"(anonymous_42)","line":419,"loc":{"start":{"line":419,"column":37},"end":{"line":419,"column":49}}},"43":{"name":"(anonymous_43)","line":427,"loc":{"start":{"line":427,"column":18},"end":{"line":427,"column":34}}},"44":{"name":"(anonymous_44)","line":429,"loc":{"start":{"line":429,"column":27},"end":{"line":429,"column":52}}},"45":{"name":"(anonymous_45)","line":443,"loc":{"start":{"line":443,"column":5},"end":{"line":443,"column":17}}},"46":{"name":"(anonymous_46)","line":446,"loc":{"start":{"line":446,"column":15},"end":{"line":446,"column":27}}},"47":{"name":"(anonymous_47)","line":454,"loc":{"start":{"line":454,"column":30},"end":{"line":454,"column":45}}}},"statementMap":{"1":{"start":{"line":12,"column":0},"end":{"line":12,"column":27}},"2":{"start":{"line":13,"column":0},"end":{"line":13,"column":40}},"3":{"start":{"line":14,"column":0},"end":{"line":14,"column":23}},"4":{"start":{"line":15,"column":0},"end":{"line":15,"column":27}},"5":{"start":{"line":16,"column":0},"end":{"line":16,"column":33}},"6":{"start":{"line":17,"column":0},"end":{"line":17,"column":33}},"7":{"start":{"line":20,"column":0},"end":{"line":20,"column":50}},"8":{"start":{"line":21,"column":0},"end":{"line":23,"column":1}},"9":{"start":{"line":22,"column":2},"end":{"line":22,"column":34}},"10":{"start":{"line":26,"column":0},"end":{"line":26,"column":15}},"11":{"start":{"line":29,"column":0},"end":{"line":81,"column":1}},"12":{"start":{"line":30,"column":2},"end":{"line":30,"column":18}},"13":{"start":{"line":31,"column":2},"end":{"line":31,"column":16}},"14":{"start":{"line":34,"column":2},"end":{"line":37,"column":3}},"15":{"start":{"line":35,"column":4},"end":{"line":35,"column":16}},"16":{"start":{"line":36,"column":4},"end":{"line":36,"column":14}},"17":{"start":{"line":40,"column":2},"end":{"line":40,"column":20}},"18":{"start":{"line":41,"column":2},"end":{"line":41,"column":19}},"19":{"start":{"line":42,"column":2},"end":{"line":42,"column":39}},"20":{"start":{"line":43,"column":2},"end":{"line":43,"column":49}},"21":{"start":{"line":44,"column":2},"end":{"line":44,"column":39}},"22":{"start":{"line":45,"column":2},"end":{"line":45,"column":22}},"23":{"start":{"line":48,"column":2},"end":{"line":48,"column":32}},"24":{"start":{"line":51,"column":2},"end":{"line":51,"column":38}},"25":{"start":{"line":54,"column":2},"end":{"line":54,"column":39}},"26":{"start":{"line":57,"column":2},"end":{"line":57,"column":38}},"27":{"start":{"line":60,"column":2},"end":{"line":60,"column":22}},"28":{"start":{"line":63,"column":2},"end":{"line":63,"column":37}},"29":{"start":{"line":66,"column":2},"end":{"line":70,"column":3}},"30":{"start":{"line":67,"column":4},"end":{"line":67,"column":52}},"31":{"start":{"line":68,"column":4},"end":{"line":68,"column":69}},"32":{"start":{"line":69,"column":4},"end":{"line":69,"column":37}},"33":{"start":{"line":73,"column":2},"end":{"line":75,"column":3}},"34":{"start":{"line":74,"column":4},"end":{"line":74,"column":29}},"35":{"start":{"line":78,"column":2},"end":{"line":78,"column":53}},"36":{"start":{"line":80,"column":2},"end":{"line":80,"column":14}},"37":{"start":{"line":82,"column":0},"end":{"line":82,"column":24}},"38":{"start":{"line":85,"column":0},"end":{"line":87,"column":2}},"39":{"start":{"line":86,"column":2},"end":{"line":86,"column":40}},"40":{"start":{"line":88,"column":0},"end":{"line":88,"column":27}},"41":{"start":{"line":92,"column":0},"end":{"line":162,"column":2}},"42":{"start":{"line":93,"column":2},"end":{"line":93,"column":18}},"43":{"start":{"line":94,"column":2},"end":{"line":94,"column":23}},"44":{"start":{"line":96,"column":2},"end":{"line":96,"column":18}},"45":{"start":{"line":97,"column":2},"end":{"line":97,"column":25}},"46":{"start":{"line":98,"column":2},"end":{"line":98,"column":16}},"47":{"start":{"line":101,"column":2},"end":{"line":104,"column":3}},"48":{"start":{"line":102,"column":4},"end":{"line":102,"column":49}},"49":{"start":{"line":103,"column":4},"end":{"line":103,"column":16}},"50":{"start":{"line":107,"column":2},"end":{"line":116,"column":3}},"51":{"start":{"line":108,"column":4},"end":{"line":115,"column":7}},"52":{"start":{"line":109,"column":6},"end":{"line":114,"column":7}},"53":{"start":{"line":110,"column":8},"end":{"line":110,"column":32}},"54":{"start":{"line":111,"column":8},"end":{"line":111,"column":36}},"55":{"start":{"line":112,"column":8},"end":{"line":112,"column":37}},"56":{"start":{"line":113,"column":8},"end":{"line":113,"column":21}},"57":{"start":{"line":120,"column":2},"end":{"line":120,"column":43}},"58":{"start":{"line":121,"column":2},"end":{"line":130,"column":3}},"59":{"start":{"line":122,"column":4},"end":{"line":122,"column":49}},"60":{"start":{"line":123,"column":4},"end":{"line":123,"column":28}},"61":{"start":{"line":124,"column":4},"end":{"line":126,"column":35}},"62":{"start":{"line":125,"column":6},"end":{"line":125,"column":36}},"63":{"start":{"line":128,"column":4},"end":{"line":128,"column":49}},"64":{"start":{"line":129,"column":4},"end":{"line":129,"column":86}},"65":{"start":{"line":133,"column":2},"end":{"line":159,"column":3}},"66":{"start":{"line":134,"column":4},"end":{"line":158,"column":5}},"67":{"start":{"line":138,"column":6},"end":{"line":138,"column":16}},"68":{"start":{"line":140,"column":6},"end":{"line":149,"column":7}},"69":{"start":{"line":141,"column":8},"end":{"line":141,"column":41}},"70":{"start":{"line":144,"column":8},"end":{"line":146,"column":9}},"71":{"start":{"line":145,"column":10},"end":{"line":145,"column":18}},"72":{"start":{"line":148,"column":8},"end":{"line":148,"column":19}},"73":{"start":{"line":151,"column":6},"end":{"line":157,"column":9}},"74":{"start":{"line":152,"column":8},"end":{"line":152,"column":41}},"75":{"start":{"line":154,"column":8},"end":{"line":154,"column":67}},"76":{"start":{"line":156,"column":8},"end":{"line":156,"column":33}},"77":{"start":{"line":161,"column":2},"end":{"line":161,"column":14}},"78":{"start":{"line":165,"column":0},"end":{"line":183,"column":2}},"79":{"start":{"line":166,"column":2},"end":{"line":166,"column":18}},"80":{"start":{"line":167,"column":2},"end":{"line":169,"column":5}},"81":{"start":{"line":168,"column":4},"end":{"line":168,"column":33}},"82":{"start":{"line":170,"column":2},"end":{"line":170,"column":39}},"83":{"start":{"line":171,"column":2},"end":{"line":173,"column":5}},"84":{"start":{"line":172,"column":4},"end":{"line":172,"column":25}},"85":{"start":{"line":174,"column":2},"end":{"line":181,"column":3}},"86":{"start":{"line":175,"column":4},"end":{"line":175,"column":40}},"87":{"start":{"line":176,"column":4},"end":{"line":180,"column":20}},"88":{"start":{"line":177,"column":6},"end":{"line":177,"column":23}},"89":{"start":{"line":178,"column":6},"end":{"line":178,"column":32}},"90":{"start":{"line":179,"column":6},"end":{"line":179,"column":37}},"91":{"start":{"line":182,"column":2},"end":{"line":182,"column":14}},"92":{"start":{"line":186,"column":0},"end":{"line":193,"column":2}},"93":{"start":{"line":187,"column":2},"end":{"line":187,"column":53}},"94":{"start":{"line":187,"column":35},"end":{"line":187,"column":51}},"95":{"start":{"line":188,"column":2},"end":{"line":188,"column":70}},"96":{"start":{"line":189,"column":2},"end":{"line":189,"column":53}},"97":{"start":{"line":190,"column":2},"end":{"line":190,"column":28}},"98":{"start":{"line":191,"column":2},"end":{"line":191,"column":20}},"99":{"start":{"line":192,"column":2},"end":{"line":192,"column":26}},"100":{"start":{"line":196,"column":0},"end":{"line":210,"column":2}},"101":{"start":{"line":197,"column":2},"end":{"line":197,"column":17}},"102":{"start":{"line":198,"column":2},"end":{"line":204,"column":3}},"103":{"start":{"line":199,"column":4},"end":{"line":199,"column":86}},"104":{"start":{"line":201,"column":4},"end":{"line":203,"column":5}},"105":{"start":{"line":202,"column":6},"end":{"line":202,"column":21}},"106":{"start":{"line":205,"column":2},"end":{"line":209,"column":3}},"107":{"start":{"line":206,"column":4},"end":{"line":206,"column":30}},"108":{"start":{"line":207,"column":4},"end":{"line":207,"column":22}},"109":{"start":{"line":208,"column":4},"end":{"line":208,"column":28}},"110":{"start":{"line":213,"column":0},"end":{"line":234,"column":2}},"111":{"start":{"line":214,"column":2},"end":{"line":214,"column":18}},"112":{"start":{"line":215,"column":2},"end":{"line":229,"column":3}},"113":{"start":{"line":217,"column":4},"end":{"line":217,"column":26}},"114":{"start":{"line":218,"column":4},"end":{"line":218,"column":31}},"115":{"start":{"line":221,"column":4},"end":{"line":228,"column":7}},"116":{"start":{"line":222,"column":6},"end":{"line":222,"column":51}},"117":{"start":{"line":223,"column":6},"end":{"line":227,"column":7}},"118":{"start":{"line":224,"column":8},"end":{"line":224,"column":31}},"119":{"start":{"line":225,"column":8},"end":{"line":225,"column":44}},"120":{"start":{"line":226,"column":8},"end":{"line":226,"column":21}},"121":{"start":{"line":230,"column":2},"end":{"line":232,"column":3}},"122":{"start":{"line":231,"column":4},"end":{"line":231,"column":33}},"123":{"start":{"line":233,"column":2},"end":{"line":233,"column":14}},"124":{"start":{"line":237,"column":0},"end":{"line":239,"column":2}},"125":{"start":{"line":238,"column":2},"end":{"line":238,"column":23}},"126":{"start":{"line":242,"column":0},"end":{"line":269,"column":2}},"127":{"start":{"line":243,"column":2},"end":{"line":243,"column":18}},"128":{"start":{"line":244,"column":2},"end":{"line":244,"column":37}},"129":{"start":{"line":245,"column":2},"end":{"line":245,"column":34}},"130":{"start":{"line":246,"column":2},"end":{"line":246,"column":46}},"131":{"start":{"line":247,"column":2},"end":{"line":247,"column":32}},"132":{"start":{"line":247,"column":20},"end":{"line":247,"column":30}},"133":{"start":{"line":248,"column":2},"end":{"line":248,"column":28}},"134":{"start":{"line":249,"column":2},"end":{"line":249,"column":29}},"135":{"start":{"line":250,"column":2},"end":{"line":264,"column":5}},"136":{"start":{"line":251,"column":4},"end":{"line":251,"column":48}},"137":{"start":{"line":252,"column":4},"end":{"line":252,"column":46}},"138":{"start":{"line":252,"column":31},"end":{"line":252,"column":44}},"139":{"start":{"line":253,"column":4},"end":{"line":253,"column":66}},"140":{"start":{"line":254,"column":4},"end":{"line":263,"column":7}},"141":{"start":{"line":255,"column":6},"end":{"line":255,"column":72}},"142":{"start":{"line":256,"column":6},"end":{"line":258,"column":7}},"143":{"start":{"line":257,"column":8},"end":{"line":257,"column":42}},"144":{"start":{"line":259,"column":6},"end":{"line":261,"column":7}},"145":{"start":{"line":260,"column":8},"end":{"line":260,"column":49}},"146":{"start":{"line":262,"column":6},"end":{"line":262,"column":21}},"147":{"start":{"line":265,"column":2},"end":{"line":267,"column":3}},"148":{"start":{"line":266,"column":4},"end":{"line":266,"column":37}},"149":{"start":{"line":268,"column":2},"end":{"line":268,"column":46}},"150":{"start":{"line":272,"column":0},"end":{"line":298,"column":2}},"151":{"start":{"line":273,"column":2},"end":{"line":296,"column":3}},"152":{"start":{"line":274,"column":4},"end":{"line":274,"column":24}},"153":{"start":{"line":275,"column":4},"end":{"line":275,"column":56}},"154":{"start":{"line":277,"column":4},"end":{"line":277,"column":75}},"155":{"start":{"line":278,"column":4},"end":{"line":278,"column":38}},"156":{"start":{"line":281,"column":4},"end":{"line":283,"column":5}},"157":{"start":{"line":282,"column":6},"end":{"line":282,"column":52}},"158":{"start":{"line":285,"column":4},"end":{"line":285,"column":57}},"159":{"start":{"line":285,"column":34},"end":{"line":285,"column":55}},"160":{"start":{"line":286,"column":4},"end":{"line":286,"column":82}},"161":{"start":{"line":289,"column":4},"end":{"line":289,"column":42}},"162":{"start":{"line":290,"column":4},"end":{"line":295,"column":5}},"163":{"start":{"line":291,"column":6},"end":{"line":291,"column":51}},"164":{"start":{"line":292,"column":6},"end":{"line":294,"column":7}},"165":{"start":{"line":293,"column":8},"end":{"line":293,"column":70}},"166":{"start":{"line":297,"column":2},"end":{"line":297,"column":14}},"167":{"start":{"line":300,"column":0},"end":{"line":324,"column":2}},"168":{"start":{"line":301,"column":2},"end":{"line":301,"column":18}},"169":{"start":{"line":302,"column":2},"end":{"line":302,"column":16}},"170":{"start":{"line":303,"column":2},"end":{"line":322,"column":3}},"171":{"start":{"line":304,"column":4},"end":{"line":315,"column":7}},"172":{"start":{"line":307,"column":6},"end":{"line":307,"column":30}},"173":{"start":{"line":308,"column":6},"end":{"line":314,"column":22}},"174":{"start":{"line":311,"column":8},"end":{"line":313,"column":9}},"175":{"start":{"line":312,"column":10},"end":{"line":312,"column":26}},"176":{"start":{"line":317,"column":4},"end":{"line":319,"column":7}},"177":{"start":{"line":318,"column":6},"end":{"line":318,"column":29}},"178":{"start":{"line":321,"column":4},"end":{"line":321,"column":34}},"179":{"start":{"line":323,"column":2},"end":{"line":323,"column":14}},"180":{"start":{"line":326,"column":0},"end":{"line":332,"column":2}},"181":{"start":{"line":327,"column":2},"end":{"line":330,"column":3}},"182":{"start":{"line":328,"column":4},"end":{"line":328,"column":46}},"183":{"start":{"line":329,"column":4},"end":{"line":329,"column":31}},"184":{"start":{"line":331,"column":2},"end":{"line":331,"column":14}},"185":{"start":{"line":334,"column":0},"end":{"line":339,"column":2}},"186":{"start":{"line":335,"column":2},"end":{"line":335,"column":24}},"187":{"start":{"line":336,"column":2},"end":{"line":338,"column":3}},"188":{"start":{"line":337,"column":4},"end":{"line":337,"column":44}},"189":{"start":{"line":341,"column":0},"end":{"line":354,"column":2}},"190":{"start":{"line":342,"column":2},"end":{"line":342,"column":67}},"191":{"start":{"line":343,"column":2},"end":{"line":352,"column":3}},"192":{"start":{"line":344,"column":4},"end":{"line":346,"column":6}},"193":{"start":{"line":345,"column":6},"end":{"line":345,"column":23}},"194":{"start":{"line":347,"column":4},"end":{"line":351,"column":5}},"195":{"start":{"line":348,"column":6},"end":{"line":348,"column":52}},"196":{"start":{"line":350,"column":6},"end":{"line":350,"column":36}},"197":{"start":{"line":353,"column":2},"end":{"line":353,"column":14}},"198":{"start":{"line":357,"column":0},"end":{"line":451,"column":2}},"199":{"start":{"line":358,"column":2},"end":{"line":358,"column":18}},"200":{"start":{"line":359,"column":2},"end":{"line":359,"column":46}},"201":{"start":{"line":360,"column":2},"end":{"line":360,"column":46}},"202":{"start":{"line":363,"column":2},"end":{"line":371,"column":3}},"203":{"start":{"line":365,"column":4},"end":{"line":369,"column":7}},"204":{"start":{"line":366,"column":6},"end":{"line":366,"column":31}},"205":{"start":{"line":367,"column":6},"end":{"line":367,"column":48}},"206":{"start":{"line":367,"column":18},"end":{"line":367,"column":46}},"207":{"start":{"line":368,"column":6},"end":{"line":368,"column":27}},"208":{"start":{"line":370,"column":4},"end":{"line":370,"column":11}},"209":{"start":{"line":373,"column":2},"end":{"line":450,"column":5}},"210":{"start":{"line":374,"column":4},"end":{"line":374,"column":20}},"211":{"start":{"line":375,"column":4},"end":{"line":375,"column":35}},"212":{"start":{"line":377,"column":4},"end":{"line":424,"column":7}},"213":{"start":{"line":378,"column":6},"end":{"line":378,"column":63}},"214":{"start":{"line":379,"column":6},"end":{"line":379,"column":28}},"215":{"start":{"line":381,"column":6},"end":{"line":423,"column":9}},"216":{"start":{"line":382,"column":8},"end":{"line":382,"column":52}},"217":{"start":{"line":382,"column":19},"end":{"line":382,"column":50}},"218":{"start":{"line":383,"column":8},"end":{"line":383,"column":33}},"219":{"start":{"line":383,"column":24},"end":{"line":383,"column":31}},"220":{"start":{"line":385,"column":8},"end":{"line":396,"column":9}},"221":{"start":{"line":387,"column":10},"end":{"line":393,"column":13}},"222":{"start":{"line":388,"column":12},"end":{"line":392,"column":13}},"223":{"start":{"line":389,"column":14},"end":{"line":389,"column":40}},"224":{"start":{"line":391,"column":14},"end":{"line":391,"column":29}},"225":{"start":{"line":399,"column":8},"end":{"line":399,"column":45}},"226":{"start":{"line":402,"column":8},"end":{"line":410,"column":11}},"227":{"start":{"line":403,"column":10},"end":{"line":403,"column":43}},"228":{"start":{"line":405,"column":10},"end":{"line":409,"column":11}},"229":{"start":{"line":406,"column":12},"end":{"line":406,"column":48}},"230":{"start":{"line":407,"column":12},"end":{"line":407,"column":34}},"231":{"start":{"line":408,"column":12},"end":{"line":408,"column":43}},"232":{"start":{"line":413,"column":8},"end":{"line":422,"column":11}},"233":{"start":{"line":414,"column":10},"end":{"line":414,"column":44}},"234":{"start":{"line":417,"column":10},"end":{"line":417,"column":48}},"235":{"start":{"line":419,"column":10},"end":{"line":421,"column":13}},"236":{"start":{"line":420,"column":12},"end":{"line":420,"column":53}},"237":{"start":{"line":427,"column":4},"end":{"line":440,"column":7}},"238":{"start":{"line":428,"column":6},"end":{"line":428,"column":41}},"239":{"start":{"line":428,"column":32},"end":{"line":428,"column":39}},"240":{"start":{"line":429,"column":6},"end":{"line":439,"column":9}},"241":{"start":{"line":430,"column":8},"end":{"line":433,"column":9}},"242":{"start":{"line":431,"column":10},"end":{"line":431,"column":34}},"243":{"start":{"line":432,"column":10},"end":{"line":432,"column":17}},"244":{"start":{"line":436,"column":8},"end":{"line":438,"column":9}},"245":{"start":{"line":437,"column":10},"end":{"line":437,"column":41}},"246":{"start":{"line":442,"column":4},"end":{"line":442,"column":11}},"247":{"start":{"line":446,"column":4},"end":{"line":449,"column":20}},"248":{"start":{"line":447,"column":6},"end":{"line":447,"column":31}},"249":{"start":{"line":448,"column":6},"end":{"line":448,"column":48}},"250":{"start":{"line":448,"column":18},"end":{"line":448,"column":46}},"251":{"start":{"line":454,"column":0},"end":{"line":459,"column":2}},"252":{"start":{"line":455,"column":2},"end":{"line":457,"column":3}},"253":{"start":{"line":456,"column":4},"end":{"line":456,"column":75}},"254":{"start":{"line":458,"column":2},"end":{"line":458,"column":33}}},"branchMap":{"1":{"line":21,"type":"if","locations":[{"start":{"line":21,"column":0},"end":{"line":21,"column":0}},{"start":{"line":21,"column":0},"end":{"line":21,"column":0}}]},"2":{"line":34,"type":"if","locations":[{"start":{"line":34,"column":2},"end":{"line":34,"column":2}},{"start":{"line":34,"column":2},"end":{"line":34,"column":2}}]},"3":{"line":40,"type":"binary-expr","locations":[{"start":{"line":40,"column":9},"end":{"line":40,"column":13}},{"start":{"line":40,"column":17},"end":{"line":40,"column":19}}]},"4":{"line":42,"type":"binary-expr","locations":[{"start":{"line":42,"column":18},"end":{"line":42,"column":31}},{"start":{"line":42,"column":35},"end":{"line":42,"column":38}}]},"5":{"line":43,"type":"binary-expr","locations":[{"start":{"line":43,"column":23},"end":{"line":43,"column":41}},{"start":{"line":43,"column":45},"end":{"line":43,"column":48}}]},"6":{"line":44,"type":"binary-expr","locations":[{"start":{"line":44,"column":13},"end":{"line":44,"column":21}},{"start":{"line":44,"column":25},"end":{"line":44,"column":38}}]},"7":{"line":48,"type":"binary-expr","locations":[{"start":{"line":48,"column":9},"end":{"line":48,"column":13}},{"start":{"line":48,"column":17},"end":{"line":48,"column":31}}]},"8":{"line":66,"type":"if","locations":[{"start":{"line":66,"column":2},"end":{"line":66,"column":2}},{"start":{"line":66,"column":2},"end":{"line":66,"column":2}}]},"9":{"line":73,"type":"if","locations":[{"start":{"line":73,"column":2},"end":{"line":73,"column":2}},{"start":{"line":73,"column":2},"end":{"line":73,"column":2}}]},"10":{"line":101,"type":"if","locations":[{"start":{"line":101,"column":2},"end":{"line":101,"column":2}},{"start":{"line":101,"column":2},"end":{"line":101,"column":2}}]},"11":{"line":107,"type":"if","locations":[{"start":{"line":107,"column":2},"end":{"line":107,"column":2}},{"start":{"line":107,"column":2},"end":{"line":107,"column":2}}]},"12":{"line":109,"type":"if","locations":[{"start":{"line":109,"column":6},"end":{"line":109,"column":6}},{"start":{"line":109,"column":6},"end":{"line":109,"column":6}}]},"13":{"line":120,"type":"binary-expr","locations":[{"start":{"line":120,"column":14},"end":{"line":120,"column":36}},{"start":{"line":120,"column":40},"end":{"line":120,"column":42}}]},"14":{"line":121,"type":"if","locations":[{"start":{"line":121,"column":2},"end":{"line":121,"column":2}},{"start":{"line":121,"column":2},"end":{"line":121,"column":2}}]},"15":{"line":133,"type":"if","locations":[{"start":{"line":133,"column":2},"end":{"line":133,"column":2}},{"start":{"line":133,"column":2},"end":{"line":133,"column":2}}]},"16":{"line":134,"type":"if","locations":[{"start":{"line":134,"column":4},"end":{"line":134,"column":4}},{"start":{"line":134,"column":4},"end":{"line":134,"column":4}}]},"17":{"line":144,"type":"if","locations":[{"start":{"line":144,"column":8},"end":{"line":144,"column":8}},{"start":{"line":144,"column":8},"end":{"line":144,"column":8}}]},"18":{"line":174,"type":"if","locations":[{"start":{"line":174,"column":2},"end":{"line":174,"column":2}},{"start":{"line":174,"column":2},"end":{"line":174,"column":2}}]},"19":{"line":187,"type":"if","locations":[{"start":{"line":187,"column":2},"end":{"line":187,"column":2}},{"start":{"line":187,"column":2},"end":{"line":187,"column":2}}]},"20":{"line":198,"type":"if","locations":[{"start":{"line":198,"column":2},"end":{"line":198,"column":2}},{"start":{"line":198,"column":2},"end":{"line":198,"column":2}}]},"21":{"line":201,"type":"if","locations":[{"start":{"line":201,"column":4},"end":{"line":201,"column":4}},{"start":{"line":201,"column":4},"end":{"line":201,"column":4}}]},"22":{"line":205,"type":"if","locations":[{"start":{"line":205,"column":2},"end":{"line":205,"column":2}},{"start":{"line":205,"column":2},"end":{"line":205,"column":2}}]},"23":{"line":215,"type":"if","locations":[{"start":{"line":215,"column":2},"end":{"line":215,"column":2}},{"start":{"line":215,"column":2},"end":{"line":215,"column":2}}]},"24":{"line":223,"type":"if","locations":[{"start":{"line":223,"column":6},"end":{"line":223,"column":6}},{"start":{"line":223,"column":6},"end":{"line":223,"column":6}}]},"25":{"line":230,"type":"if","locations":[{"start":{"line":230,"column":2},"end":{"line":230,"column":2}},{"start":{"line":230,"column":2},"end":{"line":230,"column":2}}]},"26":{"line":246,"type":"binary-expr","locations":[{"start":{"line":246,"column":12},"end":{"line":246,"column":28}},{"start":{"line":246,"column":32},"end":{"line":246,"column":45}}]},"27":{"line":247,"type":"if","locations":[{"start":{"line":247,"column":2},"end":{"line":247,"column":2}},{"start":{"line":247,"column":2},"end":{"line":247,"column":2}}]},"28":{"line":249,"ty
[...]
reset !== false) {","    self._watched = Object.create(null);","    setTimeout(function () {","      self.emit('end');","      self.removeAllListeners();","      clearInterval(self._keepalive);","    }, delay + 100);","  }","  return self;","};","","// Add file patterns to be watched","Gaze.prototype.add = function (files, done) {","  if (typeof files === 'string') { files = [files]; }","  this._patterns = helper.unique.apply(null, [this._patterns, files]);","  files = globule.find(this._patterns, this.options);","  this._addToWatched(files);","  this.close(false);","  this._initWatched(done);","};","","// Dont increment patterns and dont call done if nothing added","Gaze.prototype._internalAdd = function (file, done) {","  var files = [];","  if (helper.isDir(file)) {","    files = [helper.markDir(file)].concat(globule.find(this._patterns, this.options));","  } else {","    if (globule.isMatch(this._patterns, file, this.options)) {","      files = [file];","    }","  }","  if (files.length > 0) {","    this._addToWatched(files);","    this.close(false);","    this._initWatched(done);","  }","};","","// Remove file/dir from `watched`","Gaze.prototype.remove = function (file) {","  var self = this;","  if (this._watched[file]) {","    // is dir, remove all files","    this._unpollDir(file);","    delete this._watched[file];","  } else {","    // is a file, find and remove","    Object.keys(this._watched).forEach(function (dir) {","      var index = self._watched[dir].indexOf(file);","      if (index !== -1) {","        self._unpollFile(file);","        self._watched[dir].splice(index, 1);","        return false;","      }","    });","  }","  if (this._watchers[file]) {","    this._watchers[file].close();","  }","  return this;","};","","// Return watched files","Gaze.prototype.watched = function () {","  return this._watched;","};","","// Returns `watched` files with relative paths to process.cwd()","Gaze.prototype.relative = function (dir, unixify) {","  var self = this;","  var relative = Object.create(null);","  var relDir, relFile, unixRelDir;","  var cwd = this.options.cwd || process.cwd();","  if (dir === '') { dir = '.'; }","  dir = helper.markDir(dir);","  unixify = unixify || false;","  Object.keys(this._watched).forEach(function (dir) {","    relDir = path.relative(cwd, dir) + path.sep;","    if (relDir === path.sep) { relDir = '.'; }","    unixRelDir = unixify ? helper.unixifyPathSep(relDir) : relDir;","    relative[unixRelDir] = self._watched[dir].map(function (file) {","      relFile = path.relative(path.join(cwd, relDir) || '', file || '');","      if (helper.isDir(file)) {","        relFile = helper.markDir(relFile);","      }","      if (unixify) {","        relFile = helper.unixifyPathSep(relFile);","      }","      return relFile;","    });","  });","  if (dir && unixify) {","    dir = helper.unixifyPathSep(dir);","  }","  return dir ? relative[dir] || [] : relative;","};","","// Adds files and dirs to watched","Gaze.prototype._addToWatched = function (files) {","  for (var i = 0; i < files.length; i++) {","    var file = files[i];","    var filepath = path.resolve(this.options.cwd, file);","","    var dirname = (helper.isDir(file)) ? filepath : path.dirname(filepath);","    dirname = helper.markDir(dirname);","","    // If a new dir is added","    if (helper.isDir(file) && !(dirname in this._watched)) {","      helper.objectPush(this._watched, dirname, []);","    }","","    if (file.slice(-1) === '/') { filepath += path.sep; }","    helper.objectPush(this._watched, path.dirname(filepath) + path.sep, filepath);","","    // add folders into the mix","    var readdir = fs.readdirSync(dirname);","    for (var j = 0; j < readdir.length; j++) {","      var dirfile = path.join(dirname, readdir[j]);","      if (fs.lstatSync(dirfile).isDirectory()) {","        helper.objectPush(this._watched, dirname, dirfile + path.sep);","      }","    }","  }","  return this;","};","","Gaze.prototype._watchDir = function (dir, done) {","  var self = this;","  var timeoutId;","  try {","    this._watchers[dir] = fs.watch(dir, function (event) {","      // race condition. Let's give the fs a little time to settle down. so we","      // don't fire events on non existent files.","      clearTimeout(timeoutId);","      timeoutId = setTimeout(function () {","        // race condition. Ensure that this directory is still being watched","        // before continuing.","        if ((dir in self._watchers) && fs.existsSync(dir)) {","          done(null, dir);","        }","      }, delay + 100);","    });","","    this._watchers[dir].on('error', function (err) {","      self._handleError(err);","    });","  } catch (err) {","    return this._handleError(err);","  }","  return this;","};","","Gaze.prototype._unpollFile = function (file) {","  if (this._pollers[file]) {","    fs.unwatchFile(file, this._pollers[file]);","    delete this._pollers[file];","  }","  return this;","};","","Gaze.prototype._unpollDir = function (dir) {","  this._unpollFile(dir);","  for (var i = 0; i < this._watched[dir].length; i++) {","    this._unpollFile(this._watched[dir][i]);","  }","};","","Gaze.prototype._pollFile = function (file, done) {","  var opts = { persistent: true, interval: this.options.interval };","  if (!this._pollers[file]) {","    this._pollers[file] = function (curr, prev) {","      done(null, file);","    };","    try {","      fs.watchFile(file, opts, this._pollers[file]);","    } catch (err) {","      return this._handleError(err);","    }","  }","  return this;","};","","// Initialize the actual watch on `watched` files","Gaze.prototype._initWatched = function (done) {","  var self = this;","  var cwd = this.options.cwd || process.cwd();","  var curWatched = Object.keys(self._watched);","","  // if no matching files","  if (curWatched.length < 1) {","    // Defer to emitting to give a chance to attach event handlers.","    setImmediate(function () {","      self.emit('ready', self);","      if (done) { done.call(self, null, self); }","      self.emit('nomatch');","    });","    return;","  }","","  helper.forEachSeries(curWatched, function (dir, next) {","    dir = dir || '';","    var files = self._watched[dir];","    // Triggered when a watched dir has an event","    self._watchDir(dir, function (event, dirpath) {","      var relDir = cwd === dir ? '.' : path.relative(cwd, dir);","      relDir = relDir || '';","","      fs.readdir(dirpath, function (err, current) {","        if (err) { return self.emit('error', err); }","        if (!current) { return; }","","        try {","          // append path.sep to directories so they match previous.","          current = current.map(function (curPath) {","            if (fs.existsSync(path.join(dir, curPath)) && fs.lstatSync(path.join(dir, curPath)).isDirectory()) {","              return curPath + path.sep;","            } else {","              return curPath;","            }","          });","        } catch (err) {","          // race condition-- sometimes the file no longer exists","        }","","        // Get watched files for this dir","        var previous = self.relative(relDir);","","        // If file was deleted","        previous.filter(function (file) {","          return current.indexOf(file) < 0;","        }).forEach(function (file) {","          if (!helper.isDir(file)) {","            var filepath = path.join(dir, file);","            self.remove(filepath);","            self.emit('deleted', filepath);","          }","        });","","        // If file was added","        current.filter(function (file) {","          return previous.indexOf(file) < 0;","        }).forEach(function (file) {","          // Is it a matching pattern?","          var relFile = path.join(relDir, file);","          // Add to watch then emit event","          self._internalAdd(relFile, function () {","            self.emit('added', path.join(dir, file));","          });","        });","      });","    });","","    // Watch for change/rename events on files","    files.forEach(function (file) {","      if (helper.isDir(file)) { return; }","      self._pollFile(file, function (err, filepath) {","        if (err) {","          self.emit('error', err);","          return;","        }","        // Only emit changed if the file still exists","        // Prevents changed/deleted duplicate events","        if (fs.existsSync(filepath)) {","          self.emit('changed', filepath);","        }","      });","    });","","    next();","  }, function () {","    // Return this instance of Gaze","    // delay before ready solves a lot of issues","    setTimeout(function () {","      self.emit('ready', self);","      if (done) { done.call(self, null, self); }","    }, delay + 100);","  });","};","","// If an error, handle it here","Gaze.prototype._handleError = function (err) {","  if (err.code === 'EMFILE') {","    return this.emit('error', new Error('EMFILE: Too many opened files.'));","  }","  return this.emit('error', err);","};",""],"l":{"12":1,"13":1,"14":1,"15":1,"16":1,"17":1,"20":1,"21":1,"22":0,"26":1,"29":1,"30":0,"31":0,"34":0,"35":0,"36":0,"40":0,"41":0,"42":0,"43":0,"44":0,"45":0,"48":0,"51":0,"54":0,"57":0,"60":0,"63":0,"66":0,"67":0,"68":0,"69":0,"73":0,"74":0,"78":0,"80":0,"82":1,"85":1,"86":0,"88":1,"92":1,"93":0,"94":0,"96":0,"97":0,"98":0,"101":0,"102":0,"103":0,"107":0,"108":0,"109":0,"110":0,"111":0,"112":0,"113":0,"120":0,"121":0,"122":0,"123":0,"124":0,"125":0,"128":0,"129":0,"133":0,"134":0,"138":0,"140":0,"141":0,"144":0,"145":0,"148":0,"151":0,"152":0,"154":0,"156":0,"161":0,"165":1,"166":0,"167":0,"168":0,"170":0,"171":0,"172":0,"174":0,"175":0,"176":0,"177":0,"178":0,"179":0,"182":0,"186":1,"187":0,"188":0,"189":0,"190":0,"191":0,"192":0,"196":1,"197":0,"198":0,"199":0,"201":0,"202":0,"205":0,"206":0,"207":0,"208":0,"213":1,"214":0,"215":0,"217":0,"218":0,"221":0,"222":0,"223":0,"224":0,"225":0,"226":0,"230":0,"231":0,"233":0,"237":1,"238":0,"242":1,"243":0,"244":0,"245":0,"246":0,"247":0,"248":0,"249":0,"250":0,"251":0,"252":0,"253":0,"254":0,"255":0,"256":0,"257":0,"259":0,"260":0,"262":0,"265":0,"266":0,"268":0,"272":1,"273":0,"274":0,"275":0,"277":0,"278":0,"281":0,"282":0,"285":0,"286":0,"289":0,"290":0,"291":0,"292":0,"293":0,"297":0,"300":1,"301":0,"302":0,"303":0,"304":0,"307":0,"308":0,"311":0,"312":0,"317":0,"318":0,"321":0,"323":0,"326":1,"327":0,"328":0,"329":0,"331":0,"334":1,"335":0,"336":0,"337":0,"341":1,"342":0,"343":0,"344":0,"345":0,"347":0,"348":0,"350":0,"353":0,"357":1,"358":0,"359":0,"360":0,"363":0,"365":0,"366":0,"367":0,"368":0,"370":0,"373":0,"374":0,"375":0,"377":0,"378":0,"379":0,"381":0,"382":0,"383":0,"385":0,"387":0,"388":0,"389":0,"391":0,"399":0,"402":0,"403":0,"405":0,"406":0,"407":0,"408":0,"413":0,"414":0,"417":0,"419":0,"420":0,"427":0,"428":0,"429":0,"430":0,"431":0,"432":0,"436":0,"437":0,"442":0,"446":0,"447":0,"448":0,"454":1,"455":0,"456":0,"458":0}},"/home/travis/build/npmtest/node-npmtest-gaze/gaze/lib/helper.js":{"path":"/home/travis/build/npmtest/node-npmtest-gaze/gaze/lib/helper.js","s":{"1":1,"2":1,"3":1,"4":0,"5":0,"6":0,"7":1,"8":0,"9":0,"10":0,"11":0,"12":0,"13":0,"14":0,"15":0,"16":1,"17":0,"18":0,"19":0,"20":1,"21":0,"22":1,"23":0,"24":0,"25":0,"26":0,"27":0,"28":0,"29":1,"30":0,"31":0,"32":0,"33":0,"34":0,"35":0,"36":0,"37":0,"38":0,"39":0,"40":0,"41":0,"42":0},"b":{"1":[0,0],"2":[0,0],"3":[0,0],"4":[0,0],"5":[0,0],"6":[0,0,0],"7":[0,0],"8":[0,0],"9":[0,0],"10":[0,0],"11":[0,0]},"f":{"1":0,"2":0,"3":0,"4":0,"5":0,"6":0,"7":0,"8":0,"9":0},"fnMap":{"1":{"name":"isDir","line":7,"loc":{"start":{"line":7,"column":15},"end":{"line":7,"column":36}}},"2":{"name":"objectPush","line":15,"loc":{"start":{"line":15,"column":20},"end":{"line":15,"column":56}}},"3":{"name":"markDir","line":29,"loc":{"start":{"line":29,"column":17},"end":{"line":29,"column":40}}},"4":{"name":"unixifyPathSep","line":39,"loc":{"start":{"line":39,"column":24},"end":{"line":39,"column":59}}},"5":{"name":"unique","line":50,"loc":{"start":{"line":50,"column":16},"end":{"line":50,"column":35}}},"6":{"name":"forEachSeries","line":65,"loc":{"start":{"line":65,"column":23},"end":{"line":65,"column":72}}},"7":{"name":"(anonymous_7)","line":68,"loc":{"start":{"line":68,"column":16},"end":{"line":68,"column":28}}},"8":{"name":"(anonymous_8)","line":69,"loc":{"start":{"line":69,"column":29},"end":{"line":69,"column":44}}},"9":{"name":"(anonymous_9)","line":72,"loc":{"start":{"line":72,"column":19},"end":{"line":72,"column":31}}}},"statementMap":{"1":{"start":{"line":3,"column":0},"end":{"line":3,"column":27}},"2":{"start":{"line":4,"column":0},"end":{"line":4,"column":33}},"3":{"start":{"line":7,"column":0},"end":{"line":12,"column":2}},"4":{"start":{"line":8,"column":2},"end":{"line":10,"column":3}},"5":{"start":{"line":9,"column":4},"end":{"line":9,"column":17}},"6":{"start":{"line":11,"column":2},"end":{"line":11,"column":54}},"7":{"start":{"line":15,"column":0},"end":{"line":26,"column":2}},"8":{"start":{"line":16,"column":2},"end":{"line":18,"column":3}},"9":{"start":{"line":17,"column":4},"end":{"line":17,"column":18}},"10":{"start":{"line":19,"column":2},"end":{"line":23,"column":3}},"11":{"start":{"line":20,"column":4},"end":{"line":20,"column":36}},"12":{"start":{"line":21,"column":9},"end":{"line":23,"column":3}},"13":{"start":{"line":22,"column":4},"end":{"line":22,"column":23}},"14":{"start":{"line":24,"column":2},"end":{"line":24,"column":37}},"15":{"start":{"line":25,"column":2},"end":{"line":25,"column":18}},"16":{"start":{"line":29,"column":0},"end":{"line":36,"column":2}},"17":{"start":{"line":30,"column":2},"end":{"line":34,"column":3}},"18":{"start":{"line":33,"column":4},"end":{"line":33,"column":20}},"19":{"start":{"line":35,"column":2},"end":{"line":35,"column":13}},"20":{"start":{"line":39,"column":0},"end":{"line":41,"column":2}},"21":{"start":{"line":40,"column":2},"end":{"line":40,"column":90}},"22":{"start":{"line":50,"column":0},"end":{"line":59,"column":2}},"23":{"start":{"line":51,"column":2},"end":{"line":51,"column":71}},"24":{"start":{"line":52,"column":2},"end":{"line":52,"column":18}},"25":{"start":{"line":53,"column":2},"end":{"line":57,"column":3}},"26":{"start":{"line":54,"column":4},"end":{"line":56,"column":5}},"27":{"start":{"line":55,"column":6},"end":{"line":55,"column":28}},"28":{"start":{"line":58,"column":2},"end":{"line":58,"column":16}},"29":{"start":{"line":65,"column":0},"end":{"line":84,"column":2}},"30":{"start":{"line":66,"column":2},"end":{"line":66,"column":41}},"31":{"start":{"line":66,"column":21},"end":{"line":66,"column":39}},"32":{"start":{"line":67,"column":2},"end":{"line":67,"column":20}},"33":{"start":{"line":68,"column":2},"end":{"line":82,"column":4}},"34":{"start":{"line":69,"column":4},"end":{"line":81,"column":7}},"35":{"start":{"line":70,"column":6},"end":{"line":80,"column":7}},"36":{"start":{"line":71,"column":8},"end":{"line":71,"column":22}},"37":{"start":{"line":72,"column":8},"end":{"line":72,"column":34}},"38":{"start":{"line":74,"column":8},"end":{"line":74,"column":23}},"39":{"start":{"line":75,"column":8},"end":{"line":79,"column":9}},"40":{"start":{"line":76,"column":10},"end":{"line":76,"column":25}},"41":{"start":{"line":78,"column":10},"end":{"line":78,"column":20}},"42":{"start":{"line":83,"column":2},"end":{"line":83,"column":12}}},"branchMap":{"1":{"line":8,"type":"if","locations":[{"start":{"line":8,"column":2},"end":{"line":8,"column":2}},{"start":{"line":8,"column":2},"end":{"line":8,"column":2}}]},"2":{"line":16,"type":"if","locations":[{"start":{"line":16,"column":2},"end":{"line":16,"column":2}},{"start":{"line":16,"column":2},"end":{"line":16,"column":2}}]},"3":{"line":19,"type":"if","locations":[{"start":{"line":19,"column":2},"end":{"line":19,"column":2}},{"start":{"line":19,"column":2},"end":{"line":19,"column":2}}]},"4":{"line":21,"type":"if","locations":[{"start":{"line":21,"column":9},"end":{"line":21,"column":9}},{"start":{"line":21,"column":9},"end":{"line":21,"column":9}}]},"5":{"line":30,"type":"if","locations":[{"start":{"line":30,"column":2},"end":{"line":30,"column":2}},{"start":{"line":30,"column":2},"end":{"line":30,"column":2}}]},"6":{"line":30,"type":"binary-expr","locations":[{"start":{"line":30,"column":6},"end":{"line":30,"column":29}},{"start":{"line":31,"column":4},"end":{"line":31,"column":46}},{"start":{"line":32,"column":4},"end":{"line":32,"column":15}}]},"7":{"line":40,"type":"cond-expr","locations":[{"start":{"line":40,"column":42},"end":{"line":40,"column":78}},{"start":{"line":40,"column":81},"end":{"line":40,"column":89}}]},"8":{"line":54,"type":"if","locations":[{"start":{"line":54,"column":4},"end":{"line":54,"column":4}},{"start":{"line":54,"column":4},"end":{"line":54,"column":4}}]},"9":{"line":66,"type":"if","locations":[{"start":{"line":66,"column":2},"end":{"line":66,"column":2}},{"start":{"line":66,"column":2},"end":{"line":66,"column":2}}]},"10":{"line":70,"type":"if","locations":[{"start":{"line":70,"column":6},"end":{"line":70,"column":6}},{"start":{"line":70,"column":6},"end":{"line":70,"column":6}}]},"11":{"line":75,"type":"if","locations":[{"start":{"line":75,"column":8},"end":{"line":75,"column":8}},{"start":{"line":75,"column":8},"end":{"line":75,"column":8}}]}},"code":["'use strict';","","var path = require('path');","var helper = module.exports = {};","","// Returns boolean whether filepath is dir terminated","helper.isDir = function isDir (dir) {","  if (typeof dir !== 'string') {","    return false;","  }","  return (dir.slice(-(path.sep.length)) === path.sep);","};","","// Create a `key:[]` if doesnt exist on `obj` then push or concat the `val`","helper.objectPush = function objectPush (obj, key, val) {","  if (obj[key] == null) {","    obj[key] = [];","  }","  if (Array.isArray(val)) {","    obj[key] = obj[key].concat(val);","  } else if (val) {","    obj[key].push(val);","  }","  obj[key] = helper.unique(obj[key]);","  return obj[key];","};","","// Ensures the dir is marked with path.sep","helper.markDir = function markDir (dir) {","  if (typeof dir === 'string' &&","    dir.slice(-(path.sep.length)) !== path.sep &&","    dir !== '.') {","    dir += path.sep;","  }","  return dir;","};","","// Changes path.sep to unix ones for testing","helper.unixifyPathSep = function unixifyPathSep (filepath) {","  return (process.platform === 'win32') ? String(filepath).replace(/\\\\/g, '/') : filepath;","};","","/**"," * Lo-Dash 1.0.1 <http://lodash.com/>"," * Copyright 2012-2013 The Dojo Foundation <http://dojofoundation.org/>"," * Based on Underscore.js 1.4.4 <http://underscorejs.org/>"," * Copyright 2009-2013 Jeremy Ashkenas, DocumentCloud Inc."," * Available under MIT license <http://lodash.com/license>"," */","helper.unique = function unique () {","  var array = Array.prototype.concat.apply(Array.prototype, arguments);","  var result = [];","  for (var i = 0; i < array.length; i++) {","    if (result.indexOf(array[i]) === -1) {","      result.push(array[i]);","    }","  }","  return result;","};","","/**"," * Copyright (c) 2010 Caolan McMahon"," * Available under MIT license <https://raw.github.com/caolan/async/master/LICENSE>"," */","helper.forEachSeries = function forEachSeries (arr, iterator, callback) {","  if (!arr.length) { return callback(); }","  var completed = 0;","  var iterate = function () {","    iterator(arr[completed], function (err) {","      if (err) {","        callback(err);","        callback = function () {};","      } else {","        completed += 1;","        if (completed === arr.length) {","          callback(null);","        } else {","          iterate();","        }","      }","    });","  };","  iterate();","};",""],"l":{"3":1,"4":1,"7":1,"8":0,"9":0,"11":0,"15":1,"16":0,"17":0,"19":0,"20":0,"21":0,"22":0,"24":0,"25":0,"29":1,"30":0,"33":0,"35":0,"39":1,"40":0,"50":1,"51":0,"52":0,"53":0,"54":0,"55":0,"58":0,"65":1,"66":0,"67":0,"68":0,"69":0,"70":0,"71":0,"72":0,"74":0,"75":0,"76":0,"78":0,"83":0}}}